<?xml version="1.0" encoding="UTF-8"?>
<testng-results skipped="0" failed="0" ignored="0" total="1" passed="1">
  <reporter-output>
  </reporter-output>
  <suite name="Default suite" duration-ms="58" started-at="2019-04-30T10:04:45Z" finished-at="2019-04-30T10:04:45Z">
    <groups>
    </groups>
    <test name="Default test" duration-ms="58" started-at="2019-04-30T10:04:45Z" finished-at="2019-04-30T10:04:45Z">
      <class name="test8_unitTest.testBeerMug">
        <test-method status="PASS" signature="beforeTest()[pri:0, instance:test8_unitTest.testBeerMug@3f49dace]" name="beforeTest" is-config="true" duration-ms="10" started-at="2019-04-30T10:04:45Z" finished-at="2019-04-30T10:04:45Z">
          <reporter-output>
          </reporter-output>
        </test-method> <!-- beforeTest -->
        <test-method status="PASS" signature="testMethod1()[pri:0, instance:test8_unitTest.testBeerMug@3f49dace]" name="testMethod1" duration-ms="10" started-at="2019-04-30T10:04:45Z" description="Test method 1" finished-at="2019-04-30T10:04:45Z">
          <reporter-output>
          </reporter-output>
        </test-method> <!-- testMethod1 -->
        <test-method status="PASS" signature="afterTest()[pri:0, instance:test8_unitTest.testBeerMug@3f49dace]" name="afterTest" is-config="true" duration-ms="1" started-at="2019-04-30T10:04:45Z" finished-at="2019-04-30T10:04:45Z">
          <reporter-output>
          </reporter-output>
        </test-method> <!-- afterTest -->
      </class> <!-- test8_unitTest.testBeerMug -->
    </test> <!-- Default test -->
  </suite> <!-- Default suite -->
</testng-results>
