<?xml version="1.0" encoding="UTF-8"?>
<testng-results skipped="0" failed="0" ignored="0" total="1" passed="1">
  <reporter-output>
  </reporter-output>
  <suite name="Default suite" duration-ms="121" started-at="2019-05-22T06:40:03Z" finished-at="2019-05-22T06:40:03Z">
    <groups>
    </groups>
    <test name="Default test" duration-ms="121" started-at="2019-05-22T06:40:03Z" finished-at="2019-05-22T06:40:03Z">
      <class name="test7.Main">
        <test-method status="PASS" signature="beforeTest()[pri:0, instance:test7.Main@3f49dace]" name="beforeTest" is-config="true" duration-ms="5" started-at="2019-05-22T06:40:03Z" finished-at="2019-05-22T06:40:03Z">
          <reporter-output>
          </reporter-output>
        </test-method> <!-- beforeTest -->
        <test-method status="PASS" signature="main()[pri:0, instance:test7.Main@3f49dace]" name="main" duration-ms="70" started-at="2019-05-22T06:40:03Z" finished-at="2019-05-22T06:40:03Z">
          <reporter-output>
          </reporter-output>
        </test-method> <!-- main -->
        <test-method status="PASS" signature="afterTest()[pri:0, instance:test7.Main@3f49dace]" name="afterTest" is-config="true" duration-ms="0" started-at="2019-05-22T06:40:03Z" finished-at="2019-05-22T06:40:03Z">
          <reporter-output>
          </reporter-output>
        </test-method> <!-- afterTest -->
      </class> <!-- test7.Main -->
    </test> <!-- Default test -->
  </suite> <!-- Default suite -->
</testng-results>
