<?xml version="1.0" encoding="UTF-8"?>
<testng-results skipped="0" failed="0" ignored="0" total="212" passed="212">
  <reporter-output>
  </reporter-output>
  <suite name="Default suite" duration-ms="745" started-at="2019-07-30T02:55:06Z" finished-at="2019-07-30T02:55:07Z">
    <groups>
    </groups>
    <test name="Default test" duration-ms="745" started-at="2019-07-30T02:55:06Z" finished-at="2019-07-30T02:55:07Z">
      <class name="drink11.TestMain_MltThread">
        <test-method status="PASS" signature="beforeEachTest()[pri:0, instance:drink11.TestMain_MltThread@56ac3a89]" name="beforeEachTest" is-config="true" duration-ms="16" started-at="2019-07-30T02:55:06Z" finished-at="2019-07-30T02:55:06Z">
          <reporter-output>
          </reporter-output>
        </test-method> <!-- beforeEachTest -->
        <test-method status="PASS" signature="beforeEachTest()[pri:0, instance:drink11.TestMain_MltThread@56ac3a89]" name="beforeEachTest" is-config="true" duration-ms="16" started-at="2019-07-30T02:55:06Z" finished-at="2019-07-30T02:55:06Z">
          <reporter-output>
          </reporter-output>
        </test-method> <!-- beforeEachTest -->
        <test-method status="PASS" signature="beforeEachTest()[pri:0, instance:drink11.TestMain_MltThread@56ac3a89]" name="beforeEachTest" is-config="true" duration-ms="16" started-at="2019-07-30T02:55:06Z" finished-at="2019-07-30T02:55:06Z">
          <reporter-output>
          </reporter-output>
        </test-method> <!-- beforeEachTest -->
        <test-method status="PASS" signature="beforeEachTest()[pri:0, instance:drink11.TestMain_MltThread@56ac3a89]" name="beforeEachTest" is-config="true" duration-ms="16" started-at="2019-07-30T02:55:06Z" finished-at="2019-07-30T02:55:06Z">
          <reporter-output>
          </reporter-output>
        </test-method> <!-- beforeEachTest -->
        <test-method status="PASS" signature="beforeEachTest()[pri:0, instance:drink11.TestMain_MltThread@56ac3a89]" name="beforeEachTest" is-config="true" duration-ms="16" started-at="2019-07-30T02:55:06Z" finished-at="2019-07-30T02:55:06Z">
          <reporter-output>
          </reporter-output>
        </test-method> <!-- beforeEachTest -->
        <test-method status="PASS" signature="beforeEachTest()[pri:0, instance:drink11.TestMain_MltThread@56ac3a89]" name="beforeEachTest" is-config="true" duration-ms="16" started-at="2019-07-30T02:55:06Z" finished-at="2019-07-30T02:55:06Z">
          <reporter-output>
          </reporter-output>
        </test-method> <!-- beforeEachTest -->
        <test-method status="PASS" signature="beforeEachTest()[pri:0, instance:drink11.TestMain_MltThread@56ac3a89]" name="beforeEachTest" is-config="true" duration-ms="16" started-at="2019-07-30T02:55:06Z" finished-at="2019-07-30T02:55:06Z">
          <reporter-output>
          </reporter-output>
        </test-method> <!-- beforeEachTest -->
        <test-method status="PASS" signature="beforeEachTest()[pri:0, instance:drink11.TestMain_MltThread@56ac3a89]" name="beforeEachTest" is-config="true" duration-ms="16" started-at="2019-07-30T02:55:06Z" finished-at="2019-07-30T02:55:06Z">
          <reporter-output>
          </reporter-output>
        </test-method> <!-- beforeEachTest -->
        <test-method status="PASS" signature="beforeEachTest()[pri:0, instance:drink11.TestMain_MltThread@56ac3a89]" name="beforeEachTest" is-config="true" duration-ms="16" started-at="2019-07-30T02:55:06Z" finished-at="2019-07-30T02:55:06Z">
          <reporter-output>
          </reporter-output>
        </test-method> <!-- beforeEachTest -->
        <test-method status="PASS" signature="beforeEachTest()[pri:0, instance:drink11.TestMain_MltThread@56ac3a89]" name="beforeEachTest" is-config="true" duration-ms="16" started-at="2019-07-30T02:55:06Z" finished-at="2019-07-30T02:55:06Z">
          <reporter-output>
          </reporter-output>
        </test-method> <!-- beforeEachTest -->
        <test-method status="PASS" signature="main(drink11.DrinkType, java.lang.String)[pri:0, instance:drink11.TestMain_MltThread@56ac3a89]" name="main" duration-ms="26" started-at="2019-07-30T02:55:06Z" data-provider="testDataProvider" finished-at="2019-07-30T02:55:06Z">
          <params>
            <param index="0">
              <value>
                <![CDATA[WINE]]>
              </value>
            </param>
            <param index="1">
              <value>
                <![CDATA[6 - Vueve Cliquot]]>
              </value>
            </param>
          </params>
          <reporter-output>
          </reporter-output>
        </test-method> <!-- main -->
        <test-method status="PASS" signature="main(drink11.DrinkType, java.lang.String)[pri:0, instance:drink11.TestMain_MltThread@56ac3a89]" name="main" duration-ms="15" started-at="2019-07-30T02:55:06Z" data-provider="testDataProvider" finished-at="2019-07-30T02:55:06Z">
          <params>
            <param index="0">
              <value>
                <![CDATA[BEER]]>
              </value>
            </param>
            <param index="1">
              <value>
                <![CDATA[2 - Sapporo Beer]]>
              </value>
            </param>
          </params>
          <reporter-output>
          </reporter-output>
        </test-method> <!-- main -->
        <test-method status="PASS" signature="main(drink11.DrinkType, java.lang.String)[pri:0, instance:drink11.TestMain_MltThread@56ac3a89]" name="main" duration-ms="15" started-at="2019-07-30T02:55:06Z" data-provider="testDataProvider" finished-at="2019-07-30T02:55:06Z">
          <params>
            <param index="0">
              <value>
                <![CDATA[BEER]]>
              </value>
            </param>
            <param index="1">
              <value>
                <![CDATA[2 - Sapporo Beer]]>
              </value>
            </param>
          </params>
          <reporter-output>
          </reporter-output>
        </test-method> <!-- main -->
        <test-method status="PASS" signature="main(drink11.DrinkType, java.lang.String)[pri:0, instance:drink11.TestMain_MltThread@56ac3a89]" name="main" duration-ms="15" started-at="2019-07-30T02:55:06Z" data-provider="testDataProvider" finished-at="2019-07-30T02:55:06Z">
          <params>
            <param index="0">
              <value>
                <![CDATA[WINE]]>
              </value>
            </param>
            <param index="1">
              <value>
                <![CDATA[3 - BV Chardonnay]]>
              </value>
            </param>
          </params>
          <reporter-output>
          </reporter-output>
        </test-method> <!-- main -->
        <test-method status="PASS" signature="main(drink11.DrinkType, java.lang.String)[pri:0, instance:drink11.TestMain_MltThread@56ac3a89]" name="main" duration-ms="0" started-at="2019-07-30T02:55:06Z" data-provider="testDataProvider" finished-at="2019-07-30T02:55:06Z">
          <params>
            <param index="0">
              <value>
                <![CDATA[WINE]]>
              </value>
            </param>
            <param index="1">
              <value>
                <![CDATA[6 - Vueve Cliquot]]>
              </value>
            </param>
          </params>
          <reporter-output>
          </reporter-output>
        </test-method> <!-- main -->
        <test-method status="PASS" signature="main(drink11.DrinkType, java.lang.String)[pri:0, instance:drink11.TestMain_MltThread@56ac3a89]" name="main" duration-ms="42" started-at="2019-07-30T02:55:06Z" data-provider="testDataProvider" finished-at="2019-07-30T02:55:06Z">
          <params>
            <param index="0">
              <value>
                <![CDATA[BEER]]>
              </value>
            </param>
            <param index="1">
              <value>
                <![CDATA[1 - Raineeer Beeer]]>
              </value>
            </param>
          </params>
          <reporter-output>
          </reporter-output>
        </test-method> <!-- main -->
        <test-method status="PASS" signature="main(drink11.DrinkType, java.lang.String)[pri:0, instance:drink11.TestMain_MltThread@56ac3a89]" name="main" duration-ms="0" started-at="2019-07-30T02:55:06Z" data-provider="testDataProvider" finished-at="2019-07-30T02:55:06Z">
          <params>
            <param index="0">
              <value>
                <![CDATA[WINE]]>
              </value>
            </param>
            <param index="1">
              <value>
                <![CDATA[5 - BV Cabernet]]>
              </value>
            </param>
          </params>
          <reporter-output>
          </reporter-output>
        </test-method> <!-- main -->
        <test-method status="PASS" signature="main(drink11.DrinkType, java.lang.String)[pri:0, instance:drink11.TestMain_MltThread@56ac3a89]" name="main" duration-ms="15" started-at="2019-07-30T02:55:06Z" data-provider="testDataProvider" finished-at="2019-07-30T02:55:06Z">
          <params>
            <param index="0">
              <value>
                <![CDATA[WINE]]>
              </value>
            </param>
            <param index="1">
              <value>
                <![CDATA[3 - BV Chardonnay]]>
              </value>
            </param>
          </params>
          <reporter-output>
          </reporter-output>
        </test-method> <!-- main -->
        <test-method status="PASS" signature="main(drink11.DrinkType, java.lang.String)[pri:0, instance:drink11.TestMain_MltThread@56ac3a89]" name="main" duration-ms="0" started-at="2019-07-30T02:55:06Z" data-provider="testDataProvider" finished-at="2019-07-30T02:55:06Z">
          <params>
            <param index="0">
              <value>
                <![CDATA[WINE]]>
              </value>
            </param>
            <param index="1">
              <value>
                <![CDATA[5 - BV Cabernet]]>
              </value>
            </param>
          </params>
          <reporter-output>
          </reporter-output>
        </test-method> <!-- main -->
        <test-method status="PASS" signature="main(drink11.DrinkType, java.lang.String)[pri:0, instance:drink11.TestMain_MltThread@56ac3a89]" name="main" duration-ms="26" started-at="2019-07-30T02:55:06Z" data-provider="testDataProvider" finished-at="2019-07-30T02:55:06Z">
          <params>
            <param index="0">
              <value>
                <![CDATA[BEER]]>
              </value>
            </param>
            <param index="1">
              <value>
                <![CDATA[1 - Raineeer Beeer]]>
              </value>
            </param>
          </params>
          <reporter-output>
          </reporter-output>
        </test-method> <!-- main -->
        <test-method status="PASS" signature="afterEachTest()[pri:0, instance:drink11.TestMain_MltThread@56ac3a89]" name="afterEachTest" is-config="true" duration-ms="9" started-at="2019-07-30T02:55:06Z" finished-at="2019-07-30T02:55:06Z">
          <reporter-output>
          </reporter-output>
        </test-method> <!-- afterEachTest -->
        <test-method status="PASS" signature="main(drink11.DrinkType, java.lang.String)[pri:0, instance:drink11.TestMain_MltThread@56ac3a89]" name="main" duration-ms="0" started-at="2019-07-30T02:55:06Z" data-provider="testDataProvider" finished-at="2019-07-30T02:55:06Z">
          <params>
            <param index="0">
              <value>
                <![CDATA[BEER]]>
              </value>
            </param>
            <param index="1">
              <value>
                <![CDATA[2 - Sapporo Beer]]>
              </value>
            </param>
          </params>
          <reporter-output>
          </reporter-output>
        </test-method> <!-- main -->
        <test-method status="PASS" signature="afterEachTest()[pri:0, instance:drink11.TestMain_MltThread@56ac3a89]" name="afterEachTest" is-config="true" duration-ms="0" started-at="2019-07-30T02:55:06Z" finished-at="2019-07-30T02:55:06Z">
          <reporter-output>
          </reporter-output>
        </test-method> <!-- afterEachTest -->
        <test-method status="PASS" signature="beforeEachTest()[pri:0, instance:drink11.TestMain_MltThread@56ac3a89]" name="beforeEachTest" is-config="true" duration-ms="16" started-at="2019-07-30T02:55:06Z" finished-at="2019-07-30T02:55:06Z">
          <reporter-output>
          </reporter-output>
        </test-method> <!-- beforeEachTest -->
        <test-method status="PASS" signature="beforeEachTest()[pri:0, instance:drink11.TestMain_MltThread@56ac3a89]" name="beforeEachTest" is-config="true" duration-ms="0" started-at="2019-07-30T02:55:06Z" finished-at="2019-07-30T02:55:06Z">
          <reporter-output>
          </reporter-output>
        </test-method> <!-- beforeEachTest -->
        <test-method status="PASS" signature="beforeEachTest()[pri:0, instance:drink11.TestMain_MltThread@56ac3a89]" name="beforeEachTest" is-config="true" duration-ms="0" started-at="2019-07-30T02:55:06Z" finished-at="2019-07-30T02:55:06Z">
          <reporter-output>
          </reporter-output>
        </test-method> <!-- beforeEachTest -->
        <test-method status="PASS" signature="afterEachTest()[pri:0, instance:drink11.TestMain_MltThread@56ac3a89]" name="afterEachTest" is-config="true" duration-ms="0" started-at="2019-07-30T02:55:06Z" finished-at="2019-07-30T02:55:06Z">
          <reporter-output>
          </reporter-output>
        </test-method> <!-- afterEachTest -->
        <test-method status="PASS" signature="afterEachTest()[pri:0, instance:drink11.TestMain_MltThread@56ac3a89]" name="afterEachTest" is-config="true" duration-ms="0" started-at="2019-07-30T02:55:06Z" finished-at="2019-07-30T02:55:06Z">
          <reporter-output>
          </reporter-output>
        </test-method> <!-- afterEachTest -->
        <test-method status="PASS" signature="main(drink11.DrinkType, java.lang.String)[pri:0, instance:drink11.TestMain_MltThread@56ac3a89]" name="main" duration-ms="47" started-at="2019-07-30T02:55:06Z" data-provider="testDataProvider" finished-at="2019-07-30T02:55:06Z">
          <params>
            <param index="0">
              <value>
                <![CDATA[WINE]]>
              </value>
            </param>
            <param index="1">
              <value>
                <![CDATA[3 - BV Chardonnay]]>
              </value>
            </param>
          </params>
          <reporter-output>
          </reporter-output>
        </test-method> <!-- main -->
        <test-method status="PASS" signature="beforeEachTest()[pri:0, instance:drink11.TestMain_MltThread@56ac3a89]" name="beforeEachTest" is-config="true" duration-ms="0" started-at="2019-07-30T02:55:06Z" finished-at="2019-07-30T02:55:06Z">
          <reporter-output>
          </reporter-output>
        </test-method> <!-- beforeEachTest -->
        <test-method status="PASS" signature="main(drink11.DrinkType, java.lang.String)[pri:0, instance:drink11.TestMain_MltThread@56ac3a89]" name="main" duration-ms="0" started-at="2019-07-30T02:55:06Z" data-provider="testDataProvider" finished-at="2019-07-30T02:55:06Z">
          <params>
            <param index="0">
              <value>
                <![CDATA[BEER]]>
              </value>
            </param>
            <param index="1">
              <value>
                <![CDATA[1 - Raineeer Beeer]]>
              </value>
            </param>
          </params>
          <reporter-output>
          </reporter-output>
        </test-method> <!-- main -->
        <test-method status="PASS" signature="main(drink11.DrinkType, java.lang.String)[pri:0, instance:drink11.TestMain_MltThread@56ac3a89]" name="main" duration-ms="31" started-at="2019-07-30T02:55:06Z" data-provider="testDataProvider" finished-at="2019-07-30T02:55:06Z">
          <params>
            <param index="0">
              <value>
                <![CDATA[WINE]]>
              </value>
            </param>
            <param index="1">
              <value>
                <![CDATA[5 - BV Cabernet]]>
              </value>
            </param>
          </params>
          <reporter-output>
          </reporter-output>
        </test-method> <!-- main -->
        <test-method status="PASS" signature="afterEachTest()[pri:0, instance:drink11.TestMain_MltThread@56ac3a89]" name="afterEachTest" is-config="true" duration-ms="0" started-at="2019-07-30T02:55:06Z" finished-at="2019-07-30T02:55:06Z">
          <reporter-output>
          </reporter-output>
        </test-method> <!-- afterEachTest -->
        <test-method status="PASS" signature="beforeEachTest()[pri:0, instance:drink11.TestMain_MltThread@56ac3a89]" name="beforeEachTest" is-config="true" duration-ms="0" started-at="2019-07-30T02:55:06Z" finished-at="2019-07-30T02:55:06Z">
          <reporter-output>
          </reporter-output>
        </test-method> <!-- beforeEachTest -->
        <test-method status="PASS" signature="beforeEachTest()[pri:0, instance:drink11.TestMain_MltThread@56ac3a89]" name="beforeEachTest" is-config="true" duration-ms="0" started-at="2019-07-30T02:55:06Z" finished-at="2019-07-30T02:55:06Z">
          <reporter-output>
          </reporter-output>
        </test-method> <!-- beforeEachTest -->
        <test-method status="PASS" signature="main(drink11.DrinkType, java.lang.String)[pri:0, instance:drink11.TestMain_MltThread@56ac3a89]" name="main" duration-ms="16" started-at="2019-07-30T02:55:06Z" data-provider="testDataProvider" finished-at="2019-07-30T02:55:06Z">
          <params>
            <param index="0">
              <value>
                <![CDATA[WINE]]>
              </value>
            </param>
            <param index="1">
              <value>
                <![CDATA[6 - Vueve Cliquot]]>
              </value>
            </param>
          </params>
          <reporter-output>
          </reporter-output>
        </test-method> <!-- main -->
        <test-method status="PASS" signature="main(drink11.DrinkType, java.lang.String)[pri:0, instance:drink11.TestMain_MltThread@56ac3a89]" name="main" duration-ms="0" started-at="2019-07-30T02:55:06Z" data-provider="testDataProvider" finished-at="2019-07-30T02:55:06Z">
          <params>
            <param index="0">
              <value>
                <![CDATA[BEER]]>
              </value>
            </param>
            <param index="1">
              <value>
                <![CDATA[1 - Raineeer Beeer]]>
              </value>
            </param>
          </params>
          <reporter-output>
          </reporter-output>
        </test-method> <!-- main -->
        <test-method status="PASS" signature="beforeEachTest()[pri:0, instance:drink11.TestMain_MltThread@56ac3a89]" name="beforeEachTest" is-config="true" duration-ms="0" started-at="2019-07-30T02:55:06Z" finished-at="2019-07-30T02:55:06Z">
          <reporter-output>
          </reporter-output>
        </test-method> <!-- beforeEachTest -->
        <test-method status="PASS" signature="afterEachTest()[pri:0, instance:drink11.TestMain_MltThread@56ac3a89]" name="afterEachTest" is-config="true" duration-ms="0" started-at="2019-07-30T02:55:06Z" finished-at="2019-07-30T02:55:06Z">
          <reporter-output>
          </reporter-output>
        </test-method> <!-- afterEachTest -->
        <test-method status="PASS" signature="afterEachTest()[pri:0, instance:drink11.TestMain_MltThread@56ac3a89]" name="afterEachTest" is-config="true" duration-ms="0" started-at="2019-07-30T02:55:06Z" finished-at="2019-07-30T02:55:06Z">
          <reporter-output>
          </reporter-output>
        </test-method> <!-- afterEachTest -->
        <test-method status="PASS" signature="main(drink11.DrinkType, java.lang.String)[pri:0, instance:drink11.TestMain_MltThread@56ac3a89]" name="main" duration-ms="0" started-at="2019-07-30T02:55:06Z" data-provider="testDataProvider" finished-at="2019-07-30T02:55:06Z">
          <params>
            <param index="0">
              <value>
                <![CDATA[BEER]]>
              </value>
            </param>
            <param index="1">
              <value>
                <![CDATA[2 - Sapporo Beer]]>
              </value>
            </param>
          </params>
          <reporter-output>
          </reporter-output>
        </test-method> <!-- main -->
        <test-method status="PASS" signature="afterEachTest()[pri:0, instance:drink11.TestMain_MltThread@56ac3a89]" name="afterEachTest" is-config="true" duration-ms="0" started-at="2019-07-30T02:55:06Z" finished-at="2019-07-30T02:55:06Z">
          <reporter-output>
          </reporter-output>
        </test-method> <!-- afterEachTest -->
        <test-method status="PASS" signature="main(drink11.DrinkType, java.lang.String)[pri:0, instance:drink11.TestMain_MltThread@56ac3a89]" name="main" duration-ms="46" started-at="2019-07-30T02:55:06Z" data-provider="testDataProvider" finished-at="2019-07-30T02:55:06Z">
          <params>
            <param index="0">
              <value>
                <![CDATA[WINE]]>
              </value>
            </param>
            <param index="1">
              <value>
                <![CDATA[6 - Vueve Cliquot]]>
              </value>
            </param>
          </params>
          <reporter-output>
          </reporter-output>
        </test-method> <!-- main -->
        <test-method status="PASS" signature="afterEachTest()[pri:0, instance:drink11.TestMain_MltThread@56ac3a89]" name="afterEachTest" is-config="true" duration-ms="0" started-at="2019-07-30T02:55:06Z" finished-at="2019-07-30T02:55:06Z">
          <reporter-output>
          </reporter-output>
        </test-method> <!-- afterEachTest -->
        <test-method status="PASS" signature="afterEachTest()[pri:0, instance:drink11.TestMain_MltThread@56ac3a89]" name="afterEachTest" is-config="true" duration-ms="15" started-at="2019-07-30T02:55:06Z" finished-at="2019-07-30T02:55:06Z">
          <reporter-output>
          </reporter-output>
        </test-method> <!-- afterEachTest -->
        <test-method status="PASS" signature="beforeEachTest()[pri:0, instance:drink11.TestMain_MltThread@56ac3a89]" name="beforeEachTest" is-config="true" duration-ms="0" started-at="2019-07-30T02:55:06Z" finished-at="2019-07-30T02:55:06Z">
          <reporter-output>
          </reporter-output>
        </test-method> <!-- beforeEachTest -->
        <test-method status="PASS" signature="afterEachTest()[pri:0, instance:drink11.TestMain_MltThread@56ac3a89]" name="afterEachTest" is-config="true" duration-ms="0" started-at="2019-07-30T02:55:06Z" finished-at="2019-07-30T02:55:06Z">
          <reporter-output>
          </reporter-output>
        </test-method> <!-- afterEachTest -->
        <test-method status="PASS" signature="afterEachTest()[pri:0, instance:drink11.TestMain_MltThread@56ac3a89]" name="afterEachTest" is-config="true" duration-ms="0" started-at="2019-07-30T02:55:06Z" finished-at="2019-07-30T02:55:06Z">
          <reporter-output>
          </reporter-output>
        </test-method> <!-- afterEachTest -->
        <test-method status="PASS" signature="main(drink11.DrinkType, java.lang.String)[pri:0, instance:drink11.TestMain_MltThread@56ac3a89]" name="main" duration-ms="0" started-at="2019-07-30T02:55:06Z" data-provider="testDataProvider" finished-at="2019-07-30T02:55:06Z">
          <params>
            <param index="0">
              <value>
                <![CDATA[WINE]]>
              </value>
            </param>
            <param index="1">
              <value>
                <![CDATA[5 - BV Cabernet]]>
              </value>
            </param>
          </params>
          <reporter-output>
          </reporter-output>
        </test-method> <!-- main -->
        <test-method status="PASS" signature="beforeEachTest()[pri:0, instance:drink11.TestMain_MltThread@56ac3a89]" name="beforeEachTest" is-config="true" duration-ms="0" started-at="2019-07-30T02:55:06Z" finished-at="2019-07-30T02:55:06Z">
          <reporter-output>
          </reporter-output>
        </test-method> <!-- beforeEachTest -->
        <test-method status="PASS" signature="main(drink11.DrinkType, java.lang.String)[pri:0, instance:drink11.TestMain_MltThread@56ac3a89]" name="main" duration-ms="0" started-at="2019-07-30T02:55:06Z" data-provider="testDataProvider" finished-at="2019-07-30T02:55:06Z">
          <params>
            <param index="0">
              <value>
                <![CDATA[BEER]]>
              </value>
            </param>
            <param index="1">
              <value>
                <![CDATA[1 - Raineeer Beeer]]>
              </value>
            </param>
          </params>
          <reporter-output>
          </reporter-output>
        </test-method> <!-- main -->
        <test-method status="PASS" signature="beforeEachTest()[pri:0, instance:drink11.TestMain_MltThread@56ac3a89]" name="beforeEachTest" is-config="true" duration-ms="0" started-at="2019-07-30T02:55:06Z" finished-at="2019-07-30T02:55:06Z">
          <reporter-output>
          </reporter-output>
        </test-method> <!-- beforeEachTest -->
        <test-method status="PASS" signature="beforeEachTest()[pri:0, instance:drink11.TestMain_MltThread@56ac3a89]" name="beforeEachTest" is-config="true" duration-ms="0" started-at="2019-07-30T02:55:06Z" finished-at="2019-07-30T02:55:06Z">
          <reporter-output>
          </reporter-output>
        </test-method> <!-- beforeEachTest -->
        <test-method status="PASS" signature="afterEachTest()[pri:0, instance:drink11.TestMain_MltThread@56ac3a89]" name="afterEachTest" is-config="true" duration-ms="0" started-at="2019-07-30T02:55:06Z" finished-at="2019-07-30T02:55:06Z">
          <reporter-output>
          </reporter-output>
        </test-method> <!-- afterEachTest -->
        <test-method status="PASS" signature="beforeEachTest()[pri:0, instance:drink11.TestMain_MltThread@56ac3a89]" name="beforeEachTest" is-config="true" duration-ms="0" started-at="2019-07-30T02:55:06Z" finished-at="2019-07-30T02:55:06Z">
          <reporter-output>
          </reporter-output>
        </test-method> <!-- beforeEachTest -->
        <test-method status="PASS" signature="main(drink11.DrinkType, java.lang.String)[pri:0, instance:drink11.TestMain_MltThread@56ac3a89]" name="main" duration-ms="31" started-at="2019-07-30T02:55:06Z" data-provider="testDataProvider" finished-at="2019-07-30T02:55:06Z">
          <params>
            <param index="0">
              <value>
                <![CDATA[BEER]]>
              </value>
            </param>
            <param index="1">
              <value>
                <![CDATA[2 - Sapporo Beer]]>
              </value>
            </param>
          </params>
          <reporter-output>
          </reporter-output>
        </test-method> <!-- main -->
        <test-method status="PASS" signature="main(drink11.DrinkType, java.lang.String)[pri:0, instance:drink11.TestMain_MltThread@56ac3a89]" name="main" duration-ms="46" started-at="2019-07-30T02:55:06Z" data-provider="testDataProvider" finished-at="2019-07-30T02:55:06Z">
          <params>
            <param index="0">
              <value>
                <![CDATA[WINE]]>
              </value>
            </param>
            <param index="1">
              <value>
                <![CDATA[3 - BV Chardonnay]]>
              </value>
            </param>
          </params>
          <reporter-output>
          </reporter-output>
        </test-method> <!-- main -->
        <test-method status="PASS" signature="main(drink11.DrinkType, java.lang.String)[pri:0, instance:drink11.TestMain_MltThread@56ac3a89]" name="main" duration-ms="16" started-at="2019-07-30T02:55:06Z" data-provider="testDataProvider" finished-at="2019-07-30T02:55:06Z">
          <params>
            <param index="0">
              <value>
                <![CDATA[WINE]]>
              </value>
            </param>
            <param index="1">
              <value>
                <![CDATA[3 - BV Chardonnay]]>
              </value>
            </param>
          </params>
          <reporter-output>
          </reporter-output>
        </test-method> <!-- main -->
        <test-method status="PASS" signature="main(drink11.DrinkType, java.lang.String)[pri:0, instance:drink11.TestMain_MltThread@56ac3a89]" name="main" duration-ms="109" started-at="2019-07-30T02:55:06Z" data-provider="testDataProvider" finished-at="2019-07-30T02:55:06Z">
          <params>
            <param index="0">
              <value>
                <![CDATA[WINE]]>
              </value>
            </param>
            <param index="1">
              <value>
                <![CDATA[6 - Vueve Cliquot]]>
              </value>
            </param>
          </params>
          <reporter-output>
          </reporter-output>
        </test-method> <!-- main -->
        <test-method status="PASS" signature="beforeEachTest()[pri:0, instance:drink11.TestMain_MltThread@56ac3a89]" name="beforeEachTest" is-config="true" duration-ms="0" started-at="2019-07-30T02:55:06Z" finished-at="2019-07-30T02:55:06Z">
          <reporter-output>
          </reporter-output>
        </test-method> <!-- beforeEachTest -->
        <test-method status="PASS" signature="afterEachTest()[pri:0, instance:drink11.TestMain_MltThread@56ac3a89]" name="afterEachTest" is-config="true" duration-ms="0" started-at="2019-07-30T02:55:06Z" finished-at="2019-07-30T02:55:06Z">
          <reporter-output>
          </reporter-output>
        </test-method> <!-- afterEachTest -->
        <test-method status="PASS" signature="afterEachTest()[pri:0, instance:drink11.TestMain_MltThread@56ac3a89]" name="afterEachTest" is-config="true" duration-ms="0" started-at="2019-07-30T02:55:06Z" finished-at="2019-07-30T02:55:06Z">
          <reporter-output>
          </reporter-output>
        </test-method> <!-- afterEachTest -->
        <test-method status="PASS" signature="afterEachTest()[pri:0, instance:drink11.TestMain_MltThread@56ac3a89]" name="afterEachTest" is-config="true" duration-ms="0" started-at="2019-07-30T02:55:06Z" finished-at="2019-07-30T02:55:06Z">
          <reporter-output>
          </reporter-output>
        </test-method> <!-- afterEachTest -->
        <test-method status="PASS" signature="main(drink11.DrinkType, java.lang.String)[pri:0, instance:drink11.TestMain_MltThread@56ac3a89]" name="main" duration-ms="109" started-at="2019-07-30T02:55:06Z" data-provider="testDataProvider" finished-at="2019-07-30T02:55:06Z">
          <params>
            <param index="0">
              <value>
                <![CDATA[BEER]]>
              </value>
            </param>
            <param index="1">
              <value>
                <![CDATA[2 - Sapporo Beer]]>
              </value>
            </param>
          </params>
          <reporter-output>
          </reporter-output>
        </test-method> <!-- main -->
        <test-method status="PASS" signature="beforeEachTest()[pri:0, instance:drink11.TestMain_MltThread@56ac3a89]" name="beforeEachTest" is-config="true" duration-ms="0" started-at="2019-07-30T02:55:06Z" finished-at="2019-07-30T02:55:06Z">
          <reporter-output>
          </reporter-output>
        </test-method> <!-- beforeEachTest -->
        <test-method status="PASS" signature="beforeEachTest()[pri:0, instance:drink11.TestMain_MltThread@56ac3a89]" name="beforeEachTest" is-config="true" duration-ms="0" started-at="2019-07-30T02:55:06Z" finished-at="2019-07-30T02:55:06Z">
          <reporter-output>
          </reporter-output>
        </test-method> <!-- beforeEachTest -->
        <test-method status="PASS" signature="beforeEachTest()[pri:0, instance:drink11.TestMain_MltThread@56ac3a89]" name="beforeEachTest" is-config="true" duration-ms="0" started-at="2019-07-30T02:55:06Z" finished-at="2019-07-30T02:55:06Z">
          <reporter-output>
          </reporter-output>
        </test-method> <!-- beforeEachTest -->
        <test-method status="PASS" signature="main(drink11.DrinkType, java.lang.String)[pri:0, instance:drink11.TestMain_MltThread@56ac3a89]" name="main" duration-ms="0" started-at="2019-07-30T02:55:06Z" data-provider="testDataProvider" finished-at="2019-07-30T02:55:06Z">
          <params>
            <param index="0">
              <value>
                <![CDATA[BEER]]>
              </value>
            </param>
            <param index="1">
              <value>
                <![CDATA[1 - Raineeer Beeer]]>
              </value>
            </param>
          </params>
          <reporter-output>
          </reporter-output>
        </test-method> <!-- main -->
        <test-method status="PASS" signature="afterEachTest()[pri:0, instance:drink11.TestMain_MltThread@56ac3a89]" name="afterEachTest" is-config="true" duration-ms="0" started-at="2019-07-30T02:55:06Z" finished-at="2019-07-30T02:55:06Z">
          <reporter-output>
          </reporter-output>
        </test-method> <!-- afterEachTest -->
        <test-method status="PASS" signature="beforeEachTest()[pri:0, instance:drink11.TestMain_MltThread@56ac3a89]" name="beforeEachTest" is-config="true" duration-ms="0" started-at="2019-07-30T02:55:06Z" finished-at="2019-07-30T02:55:06Z">
          <reporter-output>
          </reporter-output>
        </test-method> <!-- beforeEachTest -->
        <test-method status="PASS" signature="main(drink11.DrinkType, java.lang.String)[pri:0, instance:drink11.TestMain_MltThread@56ac3a89]" name="main" duration-ms="0" started-at="2019-07-30T02:55:06Z" data-provider="testDataProvider" finished-at="2019-07-30T02:55:06Z">
          <params>
            <param index="0">
              <value>
                <![CDATA[WINE]]>
              </value>
            </param>
            <param index="1">
              <value>
                <![CDATA[5 - BV Cabernet]]>
              </value>
            </param>
          </params>
          <reporter-output>
          </reporter-output>
        </test-method> <!-- main -->
        <test-method status="PASS" signature="main(drink11.DrinkType, java.lang.String)[pri:0, instance:drink11.TestMain_MltThread@56ac3a89]" name="main" duration-ms="0" started-at="2019-07-30T02:55:06Z" data-provider="testDataProvider" finished-at="2019-07-30T02:55:06Z">
          <params>
            <param index="0">
              <value>
                <![CDATA[WINE]]>
              </value>
            </param>
            <param index="1">
              <value>
                <![CDATA[3 - BV Chardonnay]]>
              </value>
            </param>
          </params>
          <reporter-output>
          </reporter-output>
        </test-method> <!-- main -->
        <test-method status="PASS" signature="main(drink11.DrinkType, java.lang.String)[pri:0, instance:drink11.TestMain_MltThread@56ac3a89]" name="main" duration-ms="31" started-at="2019-07-30T02:55:06Z" data-provider="testDataProvider" finished-at="2019-07-30T02:55:06Z">
          <params>
            <param index="0">
              <value>
                <![CDATA[WINE]]>
              </value>
            </param>
            <param index="1">
              <value>
                <![CDATA[6 - Vueve Cliquot]]>
              </value>
            </param>
          </params>
          <reporter-output>
          </reporter-output>
        </test-method> <!-- main -->
        <test-method status="PASS" signature="afterEachTest()[pri:0, instance:drink11.TestMain_MltThread@56ac3a89]" name="afterEachTest" is-config="true" duration-ms="0" started-at="2019-07-30T02:55:06Z" finished-at="2019-07-30T02:55:06Z">
          <reporter-output>
          </reporter-output>
        </test-method> <!-- afterEachTest -->
        <test-method status="PASS" signature="main(drink11.DrinkType, java.lang.String)[pri:0, instance:drink11.TestMain_MltThread@56ac3a89]" name="main" duration-ms="0" started-at="2019-07-30T02:55:06Z" data-provider="testDataProvider" finished-at="2019-07-30T02:55:06Z">
          <params>
            <param index="0">
              <value>
                <![CDATA[BEER]]>
              </value>
            </param>
            <param index="1">
              <value>
                <![CDATA[1 - Raineeer Beeer]]>
              </value>
            </param>
          </params>
          <reporter-output>
          </reporter-output>
        </test-method> <!-- main -->
        <test-method status="PASS" signature="beforeEachTest()[pri:0, instance:drink11.TestMain_MltThread@56ac3a89]" name="beforeEachTest" is-config="true" duration-ms="0" started-at="2019-07-30T02:55:06Z" finished-at="2019-07-30T02:55:06Z">
          <reporter-output>
          </reporter-output>
        </test-method> <!-- beforeEachTest -->
        <test-method status="PASS" signature="beforeEachTest()[pri:0, instance:drink11.TestMain_MltThread@56ac3a89]" name="beforeEachTest" is-config="true" duration-ms="0" started-at="2019-07-30T02:55:06Z" finished-at="2019-07-30T02:55:06Z">
          <reporter-output>
          </reporter-output>
        </test-method> <!-- beforeEachTest -->
        <test-method status="PASS" signature="main(drink11.DrinkType, java.lang.String)[pri:0, instance:drink11.TestMain_MltThread@56ac3a89]" name="main" duration-ms="93" started-at="2019-07-30T02:55:06Z" data-provider="testDataProvider" finished-at="2019-07-30T02:55:06Z">
          <params>
            <param index="0">
              <value>
                <![CDATA[WINE]]>
              </value>
            </param>
            <param index="1">
              <value>
                <![CDATA[5 - BV Cabernet]]>
              </value>
            </param>
          </params>
          <reporter-output>
          </reporter-output>
        </test-method> <!-- main -->
        <test-method status="PASS" signature="afterEachTest()[pri:0, instance:drink11.TestMain_MltThread@56ac3a89]" name="afterEachTest" is-config="true" duration-ms="0" started-at="2019-07-30T02:55:06Z" finished-at="2019-07-30T02:55:06Z">
          <reporter-output>
          </reporter-output>
        </test-method> <!-- afterEachTest -->
        <test-method status="PASS" signature="beforeEachTest()[pri:0, instance:drink11.TestMain_MltThread@56ac3a89]" name="beforeEachTest" is-config="true" duration-ms="0" started-at="2019-07-30T02:55:06Z" finished-at="2019-07-30T02:55:06Z">
          <reporter-output>
          </reporter-output>
        </test-method> <!-- beforeEachTest -->
        <test-method status="PASS" signature="beforeEachTest()[pri:0, instance:drink11.TestMain_MltThread@56ac3a89]" name="beforeEachTest" is-config="true" duration-ms="0" started-at="2019-07-30T02:55:06Z" finished-at="2019-07-30T02:55:06Z">
          <reporter-output>
          </reporter-output>
        </test-method> <!-- beforeEachTest -->
        <test-method status="PASS" signature="afterEachTest()[pri:0, instance:drink11.TestMain_MltThread@56ac3a89]" name="afterEachTest" is-config="true" duration-ms="0" started-at="2019-07-30T02:55:06Z" finished-at="2019-07-30T02:55:06Z">
          <reporter-output>
          </reporter-output>
        </test-method> <!-- afterEachTest -->
        <test-method status="PASS" signature="afterEachTest()[pri:0, instance:drink11.TestMain_MltThread@56ac3a89]" name="afterEachTest" is-config="true" duration-ms="0" started-at="2019-07-30T02:55:06Z" finished-at="2019-07-30T02:55:06Z">
          <reporter-output>
          </reporter-output>
        </test-method> <!-- afterEachTest -->
        <test-method status="PASS" signature="afterEachTest()[pri:0, instance:drink11.TestMain_MltThread@56ac3a89]" name="afterEachTest" is-config="true" duration-ms="15" started-at="2019-07-30T02:55:06Z" finished-at="2019-07-30T02:55:06Z">
          <reporter-output>
          </reporter-output>
        </test-method> <!-- afterEachTest -->
        <test-method status="PASS" signature="main(drink11.DrinkType, java.lang.String)[pri:0, instance:drink11.TestMain_MltThread@56ac3a89]" name="main" duration-ms="16" started-at="2019-07-30T02:55:06Z" data-provider="testDataProvider" finished-at="2019-07-30T02:55:06Z">
          <params>
            <param index="0">
              <value>
                <![CDATA[WINE]]>
              </value>
            </param>
            <param index="1">
              <value>
                <![CDATA[3 - BV Chardonnay]]>
              </value>
            </param>
          </params>
          <reporter-output>
          </reporter-output>
        </test-method> <!-- main -->
        <test-method status="PASS" signature="beforeEachTest()[pri:0, instance:drink11.TestMain_MltThread@56ac3a89]" name="beforeEachTest" is-config="true" duration-ms="0" started-at="2019-07-30T02:55:06Z" finished-at="2019-07-30T02:55:06Z">
          <reporter-output>
          </reporter-output>
        </test-method> <!-- beforeEachTest -->
        <test-method status="PASS" signature="afterEachTest()[pri:0, instance:drink11.TestMain_MltThread@56ac3a89]" name="afterEachTest" is-config="true" duration-ms="0" started-at="2019-07-30T02:55:06Z" finished-at="2019-07-30T02:55:06Z">
          <reporter-output>
          </reporter-output>
        </test-method> <!-- afterEachTest -->
        <test-method status="PASS" signature="beforeEachTest()[pri:0, instance:drink11.TestMain_MltThread@56ac3a89]" name="beforeEachTest" is-config="true" duration-ms="0" started-at="2019-07-30T02:55:06Z" finished-at="2019-07-30T02:55:06Z">
          <reporter-output>
          </reporter-output>
        </test-method> <!-- beforeEachTest -->
        <test-method status="PASS" signature="main(drink11.DrinkType, java.lang.String)[pri:0, instance:drink11.TestMain_MltThread@56ac3a89]" name="main" duration-ms="141" started-at="2019-07-30T02:55:06Z" data-provider="testDataProvider" finished-at="2019-07-30T02:55:06Z">
          <params>
            <param index="0">
              <value>
                <![CDATA[WINE]]>
              </value>
            </param>
            <param index="1">
              <value>
                <![CDATA[6 - Vueve Cliquot]]>
              </value>
            </param>
          </params>
          <reporter-output>
          </reporter-output>
        </test-method> <!-- main -->
        <test-method status="PASS" signature="beforeEachTest()[pri:0, instance:drink11.TestMain_MltThread@56ac3a89]" name="beforeEachTest" is-config="true" duration-ms="0" started-at="2019-07-30T02:55:06Z" finished-at="2019-07-30T02:55:06Z">
          <reporter-output>
          </reporter-output>
        </test-method> <!-- beforeEachTest -->
        <test-method status="PASS" signature="beforeEachTest()[pri:0, instance:drink11.TestMain_MltThread@56ac3a89]" name="beforeEachTest" is-config="true" duration-ms="0" started-at="2019-07-30T02:55:06Z" finished-at="2019-07-30T02:55:06Z">
          <reporter-output>
          </reporter-output>
        </test-method> <!-- beforeEachTest -->
        <test-method status="PASS" signature="afterEachTest()[pri:0, instance:drink11.TestMain_MltThread@56ac3a89]" name="afterEachTest" is-config="true" duration-ms="0" started-at="2019-07-30T02:55:06Z" finished-at="2019-07-30T02:55:06Z">
          <reporter-output>
          </reporter-output>
        </test-method> <!-- afterEachTest -->
        <test-method status="PASS" signature="afterEachTest()[pri:0, instance:drink11.TestMain_MltThread@56ac3a89]" name="afterEachTest" is-config="true" duration-ms="0" started-at="2019-07-30T02:55:06Z" finished-at="2019-07-30T02:55:06Z">
          <reporter-output>
          </reporter-output>
        </test-method> <!-- afterEachTest -->
        <test-method status="PASS" signature="main(drink11.DrinkType, java.lang.String)[pri:0, instance:drink11.TestMain_MltThread@56ac3a89]" name="main" duration-ms="0" started-at="2019-07-30T02:55:06Z" data-provider="testDataProvider" finished-at="2019-07-30T02:55:06Z">
          <params>
            <param index="0">
              <value>
                <![CDATA[WINE]]>
              </value>
            </param>
            <param index="1">
              <value>
                <![CDATA[5 - BV Cabernet]]>
              </value>
            </param>
          </params>
          <reporter-output>
          </reporter-output>
        </test-method> <!-- main -->
        <test-method status="PASS" signature="main(drink11.DrinkType, java.lang.String)[pri:0, instance:drink11.TestMain_MltThread@56ac3a89]" name="main" duration-ms="16" started-at="2019-07-30T02:55:06Z" data-provider="testDataProvider" finished-at="2019-07-30T02:55:06Z">
          <params>
            <param index="0">
              <value>
                <![CDATA[BEER]]>
              </value>
            </param>
            <param index="1">
              <value>
                <![CDATA[2 - Sapporo Beer]]>
              </value>
            </param>
          </params>
          <reporter-output>
          </reporter-output>
        </test-method> <!-- main -->
        <test-method status="PASS" signature="afterEachTest()[pri:0, instance:drink11.TestMain_MltThread@56ac3a89]" name="afterEachTest" is-config="true" duration-ms="0" started-at="2019-07-30T02:55:06Z" finished-at="2019-07-30T02:55:06Z">
          <reporter-output>
          </reporter-output>
        </test-method> <!-- afterEachTest -->
        <test-method status="PASS" signature="beforeEachTest()[pri:0, instance:drink11.TestMain_MltThread@56ac3a89]" name="beforeEachTest" is-config="true" duration-ms="16" started-at="2019-07-30T02:55:06Z" finished-at="2019-07-30T02:55:06Z">
          <reporter-output>
          </reporter-output>
        </test-method> <!-- beforeEachTest -->
        <test-method status="PASS" signature="afterEachTest()[pri:0, instance:drink11.TestMain_MltThread@56ac3a89]" name="afterEachTest" is-config="true" duration-ms="0" started-at="2019-07-30T02:55:06Z" finished-at="2019-07-30T02:55:06Z">
          <reporter-output>
          </reporter-output>
        </test-method> <!-- afterEachTest -->
        <test-method status="PASS" signature="main(drink11.DrinkType, java.lang.String)[pri:0, instance:drink11.TestMain_MltThread@56ac3a89]" name="main" duration-ms="94" started-at="2019-07-30T02:55:06Z" data-provider="testDataProvider" finished-at="2019-07-30T02:55:06Z">
          <params>
            <param index="0">
              <value>
                <![CDATA[WINE]]>
              </value>
            </param>
            <param index="1">
              <value>
                <![CDATA[3 - BV Chardonnay]]>
              </value>
            </param>
          </params>
          <reporter-output>
          </reporter-output>
        </test-method> <!-- main -->
        <test-method status="PASS" signature="main(drink11.DrinkType, java.lang.String)[pri:0, instance:drink11.TestMain_MltThread@56ac3a89]" name="main" duration-ms="109" started-at="2019-07-30T02:55:06Z" data-provider="testDataProvider" finished-at="2019-07-30T02:55:06Z">
          <params>
            <param index="0">
              <value>
                <![CDATA[BEER]]>
              </value>
            </param>
            <param index="1">
              <value>
                <![CDATA[1 - Raineeer Beeer]]>
              </value>
            </param>
          </params>
          <reporter-output>
          </reporter-output>
        </test-method> <!-- main -->
        <test-method status="PASS" signature="afterEachTest()[pri:0, instance:drink11.TestMain_MltThread@56ac3a89]" name="afterEachTest" is-config="true" duration-ms="0" started-at="2019-07-30T02:55:06Z" finished-at="2019-07-30T02:55:06Z">
          <reporter-output>
          </reporter-output>
        </test-method> <!-- afterEachTest -->
        <test-method status="PASS" signature="beforeEachTest()[pri:0, instance:drink11.TestMain_MltThread@56ac3a89]" name="beforeEachTest" is-config="true" duration-ms="0" started-at="2019-07-30T02:55:06Z" finished-at="2019-07-30T02:55:06Z">
          <reporter-output>
          </reporter-output>
        </test-method> <!-- beforeEachTest -->
        <test-method status="PASS" signature="main(drink11.DrinkType, java.lang.String)[pri:0, instance:drink11.TestMain_MltThread@56ac3a89]" name="main" duration-ms="94" started-at="2019-07-30T02:55:06Z" data-provider="testDataProvider" finished-at="2019-07-30T02:55:06Z">
          <params>
            <param index="0">
              <value>
                <![CDATA[WINE]]>
              </value>
            </param>
            <param index="1">
              <value>
                <![CDATA[5 - BV Cabernet]]>
              </value>
            </param>
          </params>
          <reporter-output>
          </reporter-output>
        </test-method> <!-- main -->
        <test-method status="PASS" signature="beforeEachTest()[pri:0, instance:drink11.TestMain_MltThread@56ac3a89]" name="beforeEachTest" is-config="true" duration-ms="0" started-at="2019-07-30T02:55:06Z" finished-at="2019-07-30T02:55:06Z">
          <reporter-output>
          </reporter-output>
        </test-method> <!-- beforeEachTest -->
        <test-method status="PASS" signature="main(drink11.DrinkType, java.lang.String)[pri:0, instance:drink11.TestMain_MltThread@56ac3a89]" name="main" duration-ms="0" started-at="2019-07-30T02:55:06Z" data-provider="testDataProvider" finished-at="2019-07-30T02:55:06Z">
          <params>
            <param index="0">
              <value>
                <![CDATA[BEER]]>
              </value>
            </param>
            <param index="1">
              <value>
                <![CDATA[2 - Sapporo Beer]]>
              </value>
            </param>
          </params>
          <reporter-output>
          </reporter-output>
        </test-method> <!-- main -->
        <test-method status="PASS" signature="beforeEachTest()[pri:0, instance:drink11.TestMain_MltThread@56ac3a89]" name="beforeEachTest" is-config="true" duration-ms="0" started-at="2019-07-30T02:55:06Z" finished-at="2019-07-30T02:55:06Z">
          <reporter-output>
          </reporter-output>
        </test-method> <!-- beforeEachTest -->
        <test-method status="PASS" signature="afterEachTest()[pri:0, instance:drink11.TestMain_MltThread@56ac3a89]" name="afterEachTest" is-config="true" duration-ms="0" started-at="2019-07-30T02:55:06Z" finished-at="2019-07-30T02:55:06Z">
          <reporter-output>
          </reporter-output>
        </test-method> <!-- afterEachTest -->
        <test-method status="PASS" signature="afterEachTest()[pri:0, instance:drink11.TestMain_MltThread@56ac3a89]" name="afterEachTest" is-config="true" duration-ms="16" started-at="2019-07-30T02:55:06Z" finished-at="2019-07-30T02:55:06Z">
          <reporter-output>
          </reporter-output>
        </test-method> <!-- afterEachTest -->
        <test-method status="PASS" signature="main(drink11.DrinkType, java.lang.String)[pri:0, instance:drink11.TestMain_MltThread@56ac3a89]" name="main" duration-ms="0" started-at="2019-07-30T02:55:06Z" data-provider="testDataProvider" finished-at="2019-07-30T02:55:06Z">
          <params>
            <param index="0">
              <value>
                <![CDATA[BEER]]>
              </value>
            </param>
            <param index="1">
              <value>
                <![CDATA[1 - Raineeer Beeer]]>
              </value>
            </param>
          </params>
          <reporter-output>
          </reporter-output>
        </test-method> <!-- main -->
        <test-method status="PASS" signature="main(drink11.DrinkType, java.lang.String)[pri:0, instance:drink11.TestMain_MltThread@56ac3a89]" name="main" duration-ms="0" started-at="2019-07-30T02:55:06Z" data-provider="testDataProvider" finished-at="2019-07-30T02:55:06Z">
          <params>
            <param index="0">
              <value>
                <![CDATA[WINE]]>
              </value>
            </param>
            <param index="1">
              <value>
                <![CDATA[6 - Vueve Cliquot]]>
              </value>
            </param>
          </params>
          <reporter-output>
          </reporter-output>
        </test-method> <!-- main -->
        <test-method status="PASS" signature="afterEachTest()[pri:0, instance:drink11.TestMain_MltThread@56ac3a89]" name="afterEachTest" is-config="true" duration-ms="0" started-at="2019-07-30T02:55:06Z" finished-at="2019-07-30T02:55:06Z">
          <reporter-output>
          </reporter-output>
        </test-method> <!-- afterEachTest -->
        <test-method status="PASS" signature="beforeEachTest()[pri:0, instance:drink11.TestMain_MltThread@56ac3a89]" name="beforeEachTest" is-config="true" duration-ms="0" started-at="2019-07-30T02:55:06Z" finished-at="2019-07-30T02:55:06Z">
          <reporter-output>
          </reporter-output>
        </test-method> <!-- beforeEachTest -->
        <test-method status="PASS" signature="beforeEachTest()[pri:0, instance:drink11.TestMain_MltThread@56ac3a89]" name="beforeEachTest" is-config="true" duration-ms="0" started-at="2019-07-30T02:55:06Z" finished-at="2019-07-30T02:55:06Z">
          <reporter-output>
          </reporter-output>
        </test-method> <!-- beforeEachTest -->
        <test-method status="PASS" signature="afterEachTest()[pri:0, instance:drink11.TestMain_MltThread@56ac3a89]" name="afterEachTest" is-config="true" duration-ms="0" started-at="2019-07-30T02:55:06Z" finished-at="2019-07-30T02:55:06Z">
          <reporter-output>
          </reporter-output>
        </test-method> <!-- afterEachTest -->
        <test-method status="PASS" signature="beforeEachTest()[pri:0, instance:drink11.TestMain_MltThread@56ac3a89]" name="beforeEachTest" is-config="true" duration-ms="0" started-at="2019-07-30T02:55:06Z" finished-at="2019-07-30T02:55:06Z">
          <reporter-output>
          </reporter-output>
        </test-method> <!-- beforeEachTest -->
        <test-method status="PASS" signature="beforeEachTest()[pri:0, instance:drink11.TestMain_MltThread@56ac3a89]" name="beforeEachTest" is-config="true" duration-ms="0" started-at="2019-07-30T02:55:06Z" finished-at="2019-07-30T02:55:06Z">
          <reporter-output>
          </reporter-output>
        </test-method> <!-- beforeEachTest -->
        <test-method status="PASS" signature="main(drink11.DrinkType, java.lang.String)[pri:0, instance:drink11.TestMain_MltThread@56ac3a89]" name="main" duration-ms="0" started-at="2019-07-30T02:55:06Z" data-provider="testDataProvider" finished-at="2019-07-30T02:55:06Z">
          <params>
            <param index="0">
              <value>
                <![CDATA[BEER]]>
              </value>
            </param>
            <param index="1">
              <value>
                <![CDATA[2 - Sapporo Beer]]>
              </value>
            </param>
          </params>
          <reporter-output>
          </reporter-output>
        </test-method> <!-- main -->
        <test-method status="PASS" signature="main(drink11.DrinkType, java.lang.String)[pri:0, instance:drink11.TestMain_MltThread@56ac3a89]" name="main" duration-ms="15" started-at="2019-07-30T02:55:06Z" data-provider="testDataProvider" finished-at="2019-07-30T02:55:06Z">
          <params>
            <param index="0">
              <value>
                <![CDATA[WINE]]>
              </value>
            </param>
            <param index="1">
              <value>
                <![CDATA[3 - BV Chardonnay]]>
              </value>
            </param>
          </params>
          <reporter-output>
          </reporter-output>
        </test-method> <!-- main -->
        <test-method status="PASS" signature="afterEachTest()[pri:0, instance:drink11.TestMain_MltThread@56ac3a89]" name="afterEachTest" is-config="true" duration-ms="0" started-at="2019-07-30T02:55:06Z" finished-at="2019-07-30T02:55:06Z">
          <reporter-output>
          </reporter-output>
        </test-method> <!-- afterEachTest -->
        <test-method status="PASS" signature="beforeEachTest()[pri:0, instance:drink11.TestMain_MltThread@56ac3a89]" name="beforeEachTest" is-config="true" duration-ms="0" started-at="2019-07-30T02:55:06Z" finished-at="2019-07-30T02:55:06Z">
          <reporter-output>
          </reporter-output>
        </test-method> <!-- beforeEachTest -->
        <test-method status="PASS" signature="beforeEachTest()[pri:0, instance:drink11.TestMain_MltThread@56ac3a89]" name="beforeEachTest" is-config="true" duration-ms="0" started-at="2019-07-30T02:55:06Z" finished-at="2019-07-30T02:55:06Z">
          <reporter-output>
          </reporter-output>
        </test-method> <!-- beforeEachTest -->
        <test-method status="PASS" signature="afterEachTest()[pri:0, instance:drink11.TestMain_MltThread@56ac3a89]" name="afterEachTest" is-config="true" duration-ms="0" started-at="2019-07-30T02:55:06Z" finished-at="2019-07-30T02:55:06Z">
          <reporter-output>
          </reporter-output>
        </test-method> <!-- afterEachTest -->
        <test-method status="PASS" signature="main(drink11.DrinkType, java.lang.String)[pri:0, instance:drink11.TestMain_MltThread@56ac3a89]" name="main" duration-ms="0" started-at="2019-07-30T02:55:06Z" data-provider="testDataProvider" finished-at="2019-07-30T02:55:06Z">
          <params>
            <param index="0">
              <value>
                <![CDATA[WINE]]>
              </value>
            </param>
            <param index="1">
              <value>
                <![CDATA[6 - Vueve Cliquot]]>
              </value>
            </param>
          </params>
          <reporter-output>
          </reporter-output>
        </test-method> <!-- main -->
        <test-method status="PASS" signature="afterEachTest()[pri:0, instance:drink11.TestMain_MltThread@56ac3a89]" name="afterEachTest" is-config="true" duration-ms="16" started-at="2019-07-30T02:55:06Z" finished-at="2019-07-30T02:55:06Z">
          <reporter-output>
          </reporter-output>
        </test-method> <!-- afterEachTest -->
        <test-method status="PASS" signature="main(drink11.DrinkType, java.lang.String)[pri:0, instance:drink11.TestMain_MltThread@56ac3a89]" name="main" duration-ms="0" started-at="2019-07-30T02:55:06Z" data-provider="testDataProvider" finished-at="2019-07-30T02:55:06Z">
          <params>
            <param index="0">
              <value>
                <![CDATA[WINE]]>
              </value>
            </param>
            <param index="1">
              <value>
                <![CDATA[5 - BV Cabernet]]>
              </value>
            </param>
          </params>
          <reporter-output>
          </reporter-output>
        </test-method> <!-- main -->
        <test-method status="PASS" signature="afterEachTest()[pri:0, instance:drink11.TestMain_MltThread@56ac3a89]" name="afterEachTest" is-config="true" duration-ms="0" started-at="2019-07-30T02:55:06Z" finished-at="2019-07-30T02:55:06Z">
          <reporter-output>
          </reporter-output>
        </test-method> <!-- afterEachTest -->
        <test-method status="PASS" signature="main(drink11.DrinkType, java.lang.String)[pri:0, instance:drink11.TestMain_MltThread@56ac3a89]" name="main" duration-ms="0" started-at="2019-07-30T02:55:06Z" data-provider="testDataProvider" finished-at="2019-07-30T02:55:06Z">
          <params>
            <param index="0">
              <value>
                <![CDATA[BEER]]>
              </value>
            </param>
            <param index="1">
              <value>
                <![CDATA[1 - Raineeer Beeer]]>
              </value>
            </param>
          </params>
          <reporter-output>
          </reporter-output>
        </test-method> <!-- main -->
        <test-method status="PASS" signature="afterEachTest()[pri:0, instance:drink11.TestMain_MltThread@56ac3a89]" name="afterEachTest" is-config="true" duration-ms="0" started-at="2019-07-30T02:55:06Z" finished-at="2019-07-30T02:55:06Z">
          <reporter-output>
          </reporter-output>
        </test-method> <!-- afterEachTest -->
        <test-method status="PASS" signature="main(drink11.DrinkType, java.lang.String)[pri:0, instance:drink11.TestMain_MltThread@56ac3a89]" name="main" duration-ms="0" started-at="2019-07-30T02:55:06Z" data-provider="testDataProvider" finished-at="2019-07-30T02:55:06Z">
          <params>
            <param index="0">
              <value>
                <![CDATA[BEER]]>
              </value>
            </param>
            <param index="1">
              <value>
                <![CDATA[2 - Sapporo Beer]]>
              </value>
            </param>
          </params>
          <reporter-output>
          </reporter-output>
        </test-method> <!-- main -->
        <test-method status="PASS" signature="beforeEachTest()[pri:0, instance:drink11.TestMain_MltThread@56ac3a89]" name="beforeEachTest" is-config="true" duration-ms="0" started-at="2019-07-30T02:55:06Z" finished-at="2019-07-30T02:55:06Z">
          <reporter-output>
          </reporter-output>
        </test-method> <!-- beforeEachTest -->
        <test-method status="PASS" signature="afterEachTest()[pri:0, instance:drink11.TestMain_MltThread@56ac3a89]" name="afterEachTest" is-config="true" duration-ms="0" started-at="2019-07-30T02:55:06Z" finished-at="2019-07-30T02:55:06Z">
          <reporter-output>
          </reporter-output>
        </test-method> <!-- afterEachTest -->
        <test-method status="PASS" signature="beforeEachTest()[pri:0, instance:drink11.TestMain_MltThread@56ac3a89]" name="beforeEachTest" is-config="true" duration-ms="0" started-at="2019-07-30T02:55:06Z" finished-at="2019-07-30T02:55:06Z">
          <reporter-output>
          </reporter-output>
        </test-method> <!-- beforeEachTest -->
        <test-method status="PASS" signature="beforeEachTest()[pri:0, instance:drink11.TestMain_MltThread@56ac3a89]" name="beforeEachTest" is-config="true" duration-ms="0" started-at="2019-07-30T02:55:06Z" finished-at="2019-07-30T02:55:06Z">
          <reporter-output>
          </reporter-output>
        </test-method> <!-- beforeEachTest -->
        <test-method status="PASS" signature="afterEachTest()[pri:0, instance:drink11.TestMain_MltThread@56ac3a89]" name="afterEachTest" is-config="true" duration-ms="16" started-at="2019-07-30T02:55:06Z" finished-at="2019-07-30T02:55:06Z">
          <reporter-output>
          </reporter-output>
        </test-method> <!-- afterEachTest -->
        <test-method status="PASS" signature="beforeEachTest()[pri:0, instance:drink11.TestMain_MltThread@56ac3a89]" name="beforeEachTest" is-config="true" duration-ms="0" started-at="2019-07-30T02:55:06Z" finished-at="2019-07-30T02:55:06Z">
          <reporter-output>
          </reporter-output>
        </test-method> <!-- beforeEachTest -->
        <test-method status="PASS" signature="beforeEachTest()[pri:0, instance:drink11.TestMain_MltThread@56ac3a89]" name="beforeEachTest" is-config="true" duration-ms="0" started-at="2019-07-30T02:55:06Z" finished-at="2019-07-30T02:55:06Z">
          <reporter-output>
          </reporter-output>
        </test-method> <!-- beforeEachTest -->
        <test-method status="PASS" signature="afterEachTest()[pri:0, instance:drink11.TestMain_MltThread@56ac3a89]" name="afterEachTest" is-config="true" duration-ms="0" started-at="2019-07-30T02:55:06Z" finished-at="2019-07-30T02:55:06Z">
          <reporter-output>
          </reporter-output>
        </test-method> <!-- afterEachTest -->
        <test-method status="PASS" signature="main(drink11.DrinkType, java.lang.String)[pri:0, instance:drink11.TestMain_MltThread@56ac3a89]" name="main" duration-ms="0" started-at="2019-07-30T02:55:06Z" data-provider="testDataProvider" finished-at="2019-07-30T02:55:06Z">
          <params>
            <param index="0">
              <value>
                <![CDATA[WINE]]>
              </value>
            </param>
            <param index="1">
              <value>
                <![CDATA[6 - Vueve Cliquot]]>
              </value>
            </param>
          </params>
          <reporter-output>
          </reporter-output>
        </test-method> <!-- main -->
        <test-method status="PASS" signature="main(drink11.DrinkType, java.lang.String)[pri:0, instance:drink11.TestMain_MltThread@56ac3a89]" name="main" duration-ms="0" started-at="2019-07-30T02:55:06Z" data-provider="testDataProvider" finished-at="2019-07-30T02:55:06Z">
          <params>
            <param index="0">
              <value>
                <![CDATA[WINE]]>
              </value>
            </param>
            <param index="1">
              <value>
                <![CDATA[6 - Vueve Cliquot]]>
              </value>
            </param>
          </params>
          <reporter-output>
          </reporter-output>
        </test-method> <!-- main -->
        <test-method status="PASS" signature="beforeEachTest()[pri:0, instance:drink11.TestMain_MltThread@56ac3a89]" name="beforeEachTest" is-config="true" duration-ms="0" started-at="2019-07-30T02:55:06Z" finished-at="2019-07-30T02:55:06Z">
          <reporter-output>
          </reporter-output>
        </test-method> <!-- beforeEachTest -->
        <test-method status="PASS" signature="main(drink11.DrinkType, java.lang.String)[pri:0, instance:drink11.TestMain_MltThread@56ac3a89]" name="main" duration-ms="0" started-at="2019-07-30T02:55:06Z" data-provider="testDataProvider" finished-at="2019-07-30T02:55:06Z">
          <params>
            <param index="0">
              <value>
                <![CDATA[WINE]]>
              </value>
            </param>
            <param index="1">
              <value>
                <![CDATA[5 - BV Cabernet]]>
              </value>
            </param>
          </params>
          <reporter-output>
          </reporter-output>
        </test-method> <!-- main -->
        <test-method status="PASS" signature="afterEachTest()[pri:0, instance:drink11.TestMain_MltThread@56ac3a89]" name="afterEachTest" is-config="true" duration-ms="0" started-at="2019-07-30T02:55:06Z" finished-at="2019-07-30T02:55:06Z">
          <reporter-output>
          </reporter-output>
        </test-method> <!-- afterEachTest -->
        <test-method status="PASS" signature="main(drink11.DrinkType, java.lang.String)[pri:0, instance:drink11.TestMain_MltThread@56ac3a89]" name="main" duration-ms="0" started-at="2019-07-30T02:55:06Z" data-provider="testDataProvider" finished-at="2019-07-30T02:55:06Z">
          <params>
            <param index="0">
              <value>
                <![CDATA[BEER]]>
              </value>
            </param>
            <param index="1">
              <value>
                <![CDATA[1 - Raineeer Beeer]]>
              </value>
            </param>
          </params>
          <reporter-output>
          </reporter-output>
        </test-method> <!-- main -->
        <test-method status="PASS" signature="afterEachTest()[pri:0, instance:drink11.TestMain_MltThread@56ac3a89]" name="afterEachTest" is-config="true" duration-ms="0" started-at="2019-07-30T02:55:06Z" finished-at="2019-07-30T02:55:06Z">
          <reporter-output>
          </reporter-output>
        </test-method> <!-- afterEachTest -->
        <test-method status="PASS" signature="main(drink11.DrinkType, java.lang.String)[pri:0, instance:drink11.TestMain_MltThread@56ac3a89]" name="main" duration-ms="0" started-at="2019-07-30T02:55:06Z" data-provider="testDataProvider" finished-at="2019-07-30T02:55:06Z">
          <params>
            <param index="0">
              <value>
                <![CDATA[WINE]]>
              </value>
            </param>
            <param index="1">
              <value>
                <![CDATA[3 - BV Chardonnay]]>
              </value>
            </param>
          </params>
          <reporter-output>
          </reporter-output>
        </test-method> <!-- main -->
        <test-method status="PASS" signature="afterEachTest()[pri:0, instance:drink11.TestMain_MltThread@56ac3a89]" name="afterEachTest" is-config="true" duration-ms="16" started-at="2019-07-30T02:55:06Z" finished-at="2019-07-30T02:55:06Z">
          <reporter-output>
          </reporter-output>
        </test-method> <!-- afterEachTest -->
        <test-method status="PASS" signature="beforeEachTest()[pri:0, instance:drink11.TestMain_MltThread@56ac3a89]" name="beforeEachTest" is-config="true" duration-ms="0" started-at="2019-07-30T02:55:06Z" finished-at="2019-07-30T02:55:06Z">
          <reporter-output>
          </reporter-output>
        </test-method> <!-- beforeEachTest -->
        <test-method status="PASS" signature="afterEachTest()[pri:0, instance:drink11.TestMain_MltThread@56ac3a89]" name="afterEachTest" is-config="true" duration-ms="0" started-at="2019-07-30T02:55:06Z" finished-at="2019-07-30T02:55:06Z">
          <reporter-output>
          </reporter-output>
        </test-method> <!-- afterEachTest -->
        <test-method status="PASS" signature="main(drink11.DrinkType, java.lang.String)[pri:0, instance:drink11.TestMain_MltThread@56ac3a89]" name="main" duration-ms="78" started-at="2019-07-30T02:55:06Z" data-provider="testDataProvider" finished-at="2019-07-30T02:55:06Z">
          <params>
            <param index="0">
              <value>
                <![CDATA[BEER]]>
              </value>
            </param>
            <param index="1">
              <value>
                <![CDATA[2 - Sapporo Beer]]>
              </value>
            </param>
          </params>
          <reporter-output>
          </reporter-output>
        </test-method> <!-- main -->
        <test-method status="PASS" signature="main(drink11.DrinkType, java.lang.String)[pri:0, instance:drink11.TestMain_MltThread@56ac3a89]" name="main" duration-ms="0" started-at="2019-07-30T02:55:06Z" data-provider="testDataProvider" finished-at="2019-07-30T02:55:06Z">
          <params>
            <param index="0">
              <value>
                <![CDATA[BEER]]>
              </value>
            </param>
            <param index="1">
              <value>
                <![CDATA[1 - Raineeer Beeer]]>
              </value>
            </param>
          </params>
          <reporter-output>
          </reporter-output>
        </test-method> <!-- main -->
        <test-method status="PASS" signature="beforeEachTest()[pri:0, instance:drink11.TestMain_MltThread@56ac3a89]" name="beforeEachTest" is-config="true" duration-ms="0" started-at="2019-07-30T02:55:06Z" finished-at="2019-07-30T02:55:06Z">
          <reporter-output>
          </reporter-output>
        </test-method> <!-- beforeEachTest -->
        <test-method status="PASS" signature="beforeEachTest()[pri:0, instance:drink11.TestMain_MltThread@56ac3a89]" name="beforeEachTest" is-config="true" duration-ms="0" started-at="2019-07-30T02:55:06Z" finished-at="2019-07-30T02:55:06Z">
          <reporter-output>
          </reporter-output>
        </test-method> <!-- beforeEachTest -->
        <test-method status="PASS" signature="beforeEachTest()[pri:0, instance:drink11.TestMain_MltThread@56ac3a89]" name="beforeEachTest" is-config="true" duration-ms="0" started-at="2019-07-30T02:55:06Z" finished-at="2019-07-30T02:55:06Z">
          <reporter-output>
          </reporter-output>
        </test-method> <!-- beforeEachTest -->
        <test-method status="PASS" signature="afterEachTest()[pri:0, instance:drink11.TestMain_MltThread@56ac3a89]" name="afterEachTest" is-config="true" duration-ms="0" started-at="2019-07-30T02:55:06Z" finished-at="2019-07-30T02:55:06Z">
          <reporter-output>
          </reporter-output>
        </test-method> <!-- afterEachTest -->
        <test-method status="PASS" signature="main(drink11.DrinkType, java.lang.String)[pri:0, instance:drink11.TestMain_MltThread@56ac3a89]" name="main" duration-ms="47" started-at="2019-07-30T02:55:06Z" data-provider="testDataProvider" finished-at="2019-07-30T02:55:06Z">
          <params>
            <param index="0">
              <value>
                <![CDATA[WINE]]>
              </value>
            </param>
            <param index="1">
              <value>
                <![CDATA[5 - BV Cabernet]]>
              </value>
            </param>
          </params>
          <reporter-output>
          </reporter-output>
        </test-method> <!-- main -->
        <test-method status="PASS" signature="afterEachTest()[pri:0, instance:drink11.TestMain_MltThread@56ac3a89]" name="afterEachTest" is-config="true" duration-ms="0" started-at="2019-07-30T02:55:06Z" finished-at="2019-07-30T02:55:06Z">
          <reporter-output>
          </reporter-output>
        </test-method> <!-- afterEachTest -->
        <test-method status="PASS" signature="beforeEachTest()[pri:0, instance:drink11.TestMain_MltThread@56ac3a89]" name="beforeEachTest" is-config="true" duration-ms="0" started-at="2019-07-30T02:55:06Z" finished-at="2019-07-30T02:55:06Z">
          <reporter-output>
          </reporter-output>
        </test-method> <!-- beforeEachTest -->
        <test-method status="PASS" signature="main(drink11.DrinkType, java.lang.String)[pri:0, instance:drink11.TestMain_MltThread@56ac3a89]" name="main" duration-ms="0" started-at="2019-07-30T02:55:06Z" data-provider="testDataProvider" finished-at="2019-07-30T02:55:06Z">
          <params>
            <param index="0">
              <value>
                <![CDATA[BEER]]>
              </value>
            </param>
            <param index="1">
              <value>
                <![CDATA[1 - Raineeer Beeer]]>
              </value>
            </param>
          </params>
          <reporter-output>
          </reporter-output>
        </test-method> <!-- main -->
        <test-method status="PASS" signature="main(drink11.DrinkType, java.lang.String)[pri:0, instance:drink11.TestMain_MltThread@56ac3a89]" name="main" duration-ms="0" started-at="2019-07-30T02:55:06Z" data-provider="testDataProvider" finished-at="2019-07-30T02:55:06Z">
          <params>
            <param index="0">
              <value>
                <![CDATA[BEER]]>
              </value>
            </param>
            <param index="1">
              <value>
                <![CDATA[2 - Sapporo Beer]]>
              </value>
            </param>
          </params>
          <reporter-output>
          </reporter-output>
        </test-method> <!-- main -->
        <test-method status="PASS" signature="afterEachTest()[pri:0, instance:drink11.TestMain_MltThread@56ac3a89]" name="afterEachTest" is-config="true" duration-ms="0" started-at="2019-07-30T02:55:06Z" finished-at="2019-07-30T02:55:06Z">
          <reporter-output>
          </reporter-output>
        </test-method> <!-- afterEachTest -->
        <test-method status="PASS" signature="main(drink11.DrinkType, java.lang.String)[pri:0, instance:drink11.TestMain_MltThread@56ac3a89]" name="main" duration-ms="62" started-at="2019-07-30T02:55:06Z" data-provider="testDataProvider" finished-at="2019-07-30T02:55:06Z">
          <params>
            <param index="0">
              <value>
                <![CDATA[WINE]]>
              </value>
            </param>
            <param index="1">
              <value>
                <![CDATA[3 - BV Chardonnay]]>
              </value>
            </param>
          </params>
          <reporter-output>
          </reporter-output>
        </test-method> <!-- main -->
        <test-method status="PASS" signature="afterEachTest()[pri:0, instance:drink11.TestMain_MltThread@56ac3a89]" name="afterEachTest" is-config="true" duration-ms="0" started-at="2019-07-30T02:55:06Z" finished-at="2019-07-30T02:55:06Z">
          <reporter-output>
          </reporter-output>
        </test-method> <!-- afterEachTest -->
        <test-method status="PASS" signature="afterEachTest()[pri:0, instance:drink11.TestMain_MltThread@56ac3a89]" name="afterEachTest" is-config="true" duration-ms="0" started-at="2019-07-30T02:55:06Z" finished-at="2019-07-30T02:55:06Z">
          <reporter-output>
          </reporter-output>
        </test-method> <!-- afterEachTest -->
        <test-method status="PASS" signature="beforeEachTest()[pri:0, instance:drink11.TestMain_MltThread@56ac3a89]" name="beforeEachTest" is-config="true" duration-ms="0" started-at="2019-07-30T02:55:06Z" finished-at="2019-07-30T02:55:06Z">
          <reporter-output>
          </reporter-output>
        </test-method> <!-- beforeEachTest -->
        <test-method status="PASS" signature="main(drink11.DrinkType, java.lang.String)[pri:0, instance:drink11.TestMain_MltThread@56ac3a89]" name="main" duration-ms="47" started-at="2019-07-30T02:55:06Z" data-provider="testDataProvider" finished-at="2019-07-30T02:55:06Z">
          <params>
            <param index="0">
              <value>
                <![CDATA[WINE]]>
              </value>
            </param>
            <param index="1">
              <value>
                <![CDATA[6 - Vueve Cliquot]]>
              </value>
            </param>
          </params>
          <reporter-output>
          </reporter-output>
        </test-method> <!-- main -->
        <test-method status="PASS" signature="beforeEachTest()[pri:0, instance:drink11.TestMain_MltThread@56ac3a89]" name="beforeEachTest" is-config="true" duration-ms="0" started-at="2019-07-30T02:55:06Z" finished-at="2019-07-30T02:55:06Z">
          <reporter-output>
          </reporter-output>
        </test-method> <!-- beforeEachTest -->
        <test-method status="PASS" signature="beforeEachTest()[pri:0, instance:drink11.TestMain_MltThread@56ac3a89]" name="beforeEachTest" is-config="true" duration-ms="0" started-at="2019-07-30T02:55:06Z" finished-at="2019-07-30T02:55:06Z">
          <reporter-output>
          </reporter-output>
        </test-method> <!-- beforeEachTest -->
        <test-method status="PASS" signature="beforeEachTest()[pri:0, instance:drink11.TestMain_MltThread@56ac3a89]" name="beforeEachTest" is-config="true" duration-ms="0" started-at="2019-07-30T02:55:06Z" finished-at="2019-07-30T02:55:06Z">
          <reporter-output>
          </reporter-output>
        </test-method> <!-- beforeEachTest -->
        <test-method status="PASS" signature="main(drink11.DrinkType, java.lang.String)[pri:0, instance:drink11.TestMain_MltThread@56ac3a89]" name="main" duration-ms="0" started-at="2019-07-30T02:55:06Z" data-provider="testDataProvider" finished-at="2019-07-30T02:55:06Z">
          <params>
            <param index="0">
              <value>
                <![CDATA[WINE]]>
              </value>
            </param>
            <param index="1">
              <value>
                <![CDATA[5 - BV Cabernet]]>
              </value>
            </param>
          </params>
[...]
            <param index="0">
              <value>
                <![CDATA[WINE]]>
              </value>
            </param>
            <param index="1">
              <value>
                <![CDATA[3 - BV Chardonnay]]>
              </value>
            </param>
          </params>
          <reporter-output>
          </reporter-output>
        </test-method> <!-- main -->
        <test-method status="PASS" signature="afterEachTest()[pri:0, instance:drink11.TestMain_MltThread@56ac3a89]" name="afterEachTest" is-config="true" duration-ms="0" started-at="2019-07-30T02:55:07Z" finished-at="2019-07-30T02:55:07Z">
          <reporter-output>
          </reporter-output>
        </test-method> <!-- afterEachTest -->
        <test-method status="PASS" signature="beforeEachTest()[pri:0, instance:drink11.TestMain_MltThread@56ac3a89]" name="beforeEachTest" is-config="true" duration-ms="0" started-at="2019-07-30T02:55:07Z" finished-at="2019-07-30T02:55:07Z">
          <reporter-output>
          </reporter-output>
        </test-method> <!-- beforeEachTest -->
        <test-method status="PASS" signature="beforeEachTest()[pri:0, instance:drink11.TestMain_MltThread@56ac3a89]" name="beforeEachTest" is-config="true" duration-ms="0" started-at="2019-07-30T02:55:07Z" finished-at="2019-07-30T02:55:07Z">
          <reporter-output>
          </reporter-output>
        </test-method> <!-- beforeEachTest -->
        <test-method status="PASS" signature="afterEachTest()[pri:0, instance:drink11.TestMain_MltThread@56ac3a89]" name="afterEachTest" is-config="true" duration-ms="0" started-at="2019-07-30T02:55:07Z" finished-at="2019-07-30T02:55:07Z">
          <reporter-output>
          </reporter-output>
        </test-method> <!-- afterEachTest -->
        <test-method status="PASS" signature="main(drink11.DrinkType, java.lang.String)[pri:0, instance:drink11.TestMain_MltThread@56ac3a89]" name="main" duration-ms="0" started-at="2019-07-30T02:55:07Z" data-provider="testDataProvider" finished-at="2019-07-30T02:55:07Z">
          <params>
            <param index="0">
              <value>
                <![CDATA[WINE]]>
              </value>
            </param>
            <param index="1">
              <value>
                <![CDATA[3 - BV Chardonnay]]>
              </value>
            </param>
          </params>
          <reporter-output>
          </reporter-output>
        </test-method> <!-- main -->
        <test-method status="PASS" signature="afterEachTest()[pri:0, instance:drink11.TestMain_MltThread@56ac3a89]" name="afterEachTest" is-config="true" duration-ms="0" started-at="2019-07-30T02:55:07Z" finished-at="2019-07-30T02:55:07Z">
          <reporter-output>
          </reporter-output>
        </test-method> <!-- afterEachTest -->
        <test-method status="PASS" signature="main(drink11.DrinkType, java.lang.String)[pri:0, instance:drink11.TestMain_MltThread@56ac3a89]" name="main" duration-ms="16" started-at="2019-07-30T02:55:07Z" data-provider="testDataProvider" finished-at="2019-07-30T02:55:07Z">
          <params>
            <param index="0">
              <value>
                <![CDATA[WINE]]>
              </value>
            </param>
            <param index="1">
              <value>
                <![CDATA[5 - BV Cabernet]]>
              </value>
            </param>
          </params>
          <reporter-output>
          </reporter-output>
        </test-method> <!-- main -->
        <test-method status="PASS" signature="beforeEachTest()[pri:0, instance:drink11.TestMain_MltThread@56ac3a89]" name="beforeEachTest" is-config="true" duration-ms="0" started-at="2019-07-30T02:55:07Z" finished-at="2019-07-30T02:55:07Z">
          <reporter-output>
          </reporter-output>
        </test-method> <!-- beforeEachTest -->
        <test-method status="PASS" signature="afterEachTest()[pri:0, instance:drink11.TestMain_MltThread@56ac3a89]" name="afterEachTest" is-config="true" duration-ms="0" started-at="2019-07-30T02:55:07Z" finished-at="2019-07-30T02:55:07Z">
          <reporter-output>
          </reporter-output>
        </test-method> <!-- afterEachTest -->
        <test-method status="PASS" signature="main(drink11.DrinkType, java.lang.String)[pri:0, instance:drink11.TestMain_MltThread@56ac3a89]" name="main" duration-ms="0" started-at="2019-07-30T02:55:07Z" data-provider="testDataProvider" finished-at="2019-07-30T02:55:07Z">
          <params>
            <param index="0">
              <value>
                <![CDATA[BEER]]>
              </value>
            </param>
            <param index="1">
              <value>
                <![CDATA[1 - Raineeer Beeer]]>
              </value>
            </param>
          </params>
          <reporter-output>
          </reporter-output>
        </test-method> <!-- main -->
        <test-method status="PASS" signature="main(drink11.DrinkType, java.lang.String)[pri:0, instance:drink11.TestMain_MltThread@56ac3a89]" name="main" duration-ms="0" started-at="2019-07-30T02:55:07Z" data-provider="testDataProvider" finished-at="2019-07-30T02:55:07Z">
          <params>
            <param index="0">
              <value>
                <![CDATA[BEER]]>
              </value>
            </param>
            <param index="1">
              <value>
                <![CDATA[1 - Raineeer Beeer]]>
              </value>
            </param>
          </params>
          <reporter-output>
          </reporter-output>
        </test-method> <!-- main -->
        <test-method status="PASS" signature="beforeEachTest()[pri:0, instance:drink11.TestMain_MltThread@56ac3a89]" name="beforeEachTest" is-config="true" duration-ms="0" started-at="2019-07-30T02:55:07Z" finished-at="2019-07-30T02:55:07Z">
          <reporter-output>
          </reporter-output>
        </test-method> <!-- beforeEachTest -->
        <test-method status="PASS" signature="afterEachTest()[pri:0, instance:drink11.TestMain_MltThread@56ac3a89]" name="afterEachTest" is-config="true" duration-ms="0" started-at="2019-07-30T02:55:07Z" finished-at="2019-07-30T02:55:07Z">
          <reporter-output>
          </reporter-output>
        </test-method> <!-- afterEachTest -->
        <test-method status="PASS" signature="beforeEachTest()[pri:0, instance:drink11.TestMain_MltThread@56ac3a89]" name="beforeEachTest" is-config="true" duration-ms="0" started-at="2019-07-30T02:55:07Z" finished-at="2019-07-30T02:55:07Z">
          <reporter-output>
          </reporter-output>
        </test-method> <!-- beforeEachTest -->
        <test-method status="PASS" signature="afterEachTest()[pri:0, instance:drink11.TestMain_MltThread@56ac3a89]" name="afterEachTest" is-config="true" duration-ms="0" started-at="2019-07-30T02:55:07Z" finished-at="2019-07-30T02:55:07Z">
          <reporter-output>
          </reporter-output>
        </test-method> <!-- afterEachTest -->
        <test-method status="PASS" signature="afterEachTest()[pri:0, instance:drink11.TestMain_MltThread@56ac3a89]" name="afterEachTest" is-config="true" duration-ms="0" started-at="2019-07-30T02:55:07Z" finished-at="2019-07-30T02:55:07Z">
          <reporter-output>
          </reporter-output>
        </test-method> <!-- afterEachTest -->
        <test-method status="PASS" signature="main(drink11.DrinkType, java.lang.String)[pri:0, instance:drink11.TestMain_MltThread@56ac3a89]" name="main" duration-ms="16" started-at="2019-07-30T02:55:07Z" data-provider="testDataProvider" finished-at="2019-07-30T02:55:07Z">
          <params>
            <param index="0">
              <value>
                <![CDATA[WINE]]>
              </value>
            </param>
            <param index="1">
              <value>
                <![CDATA[3 - BV Chardonnay]]>
              </value>
            </param>
          </params>
          <reporter-output>
          </reporter-output>
        </test-method> <!-- main -->
        <test-method status="PASS" signature="main(drink11.DrinkType, java.lang.String)[pri:0, instance:drink11.TestMain_MltThread@56ac3a89]" name="main" duration-ms="0" started-at="2019-07-30T02:55:07Z" data-provider="testDataProvider" finished-at="2019-07-30T02:55:07Z">
          <params>
            <param index="0">
              <value>
                <![CDATA[WINE]]>
              </value>
            </param>
            <param index="1">
              <value>
                <![CDATA[6 - Vueve Cliquot]]>
              </value>
            </param>
          </params>
          <reporter-output>
          </reporter-output>
        </test-method> <!-- main -->
        <test-method status="PASS" signature="beforeEachTest()[pri:0, instance:drink11.TestMain_MltThread@56ac3a89]" name="beforeEachTest" is-config="true" duration-ms="0" started-at="2019-07-30T02:55:07Z" finished-at="2019-07-30T02:55:07Z">
          <reporter-output>
          </reporter-output>
        </test-method> <!-- beforeEachTest -->
        <test-method status="PASS" signature="afterEachTest()[pri:0, instance:drink11.TestMain_MltThread@56ac3a89]" name="afterEachTest" is-config="true" duration-ms="0" started-at="2019-07-30T02:55:07Z" finished-at="2019-07-30T02:55:07Z">
          <reporter-output>
          </reporter-output>
        </test-method> <!-- afterEachTest -->
        <test-method status="PASS" signature="beforeEachTest()[pri:0, instance:drink11.TestMain_MltThread@56ac3a89]" name="beforeEachTest" is-config="true" duration-ms="0" started-at="2019-07-30T02:55:07Z" finished-at="2019-07-30T02:55:07Z">
          <reporter-output>
          </reporter-output>
        </test-method> <!-- beforeEachTest -->
        <test-method status="PASS" signature="beforeEachTest()[pri:0, instance:drink11.TestMain_MltThread@56ac3a89]" name="beforeEachTest" is-config="true" duration-ms="0" started-at="2019-07-30T02:55:07Z" finished-at="2019-07-30T02:55:07Z">
          <reporter-output>
          </reporter-output>
        </test-method> <!-- beforeEachTest -->
        <test-method status="PASS" signature="main(drink11.DrinkType, java.lang.String)[pri:0, instance:drink11.TestMain_MltThread@56ac3a89]" name="main" duration-ms="16" started-at="2019-07-30T02:55:07Z" data-provider="testDataProvider" finished-at="2019-07-30T02:55:07Z">
          <params>
            <param index="0">
              <value>
                <![CDATA[BEER]]>
              </value>
            </param>
            <param index="1">
              <value>
                <![CDATA[2 - Sapporo Beer]]>
              </value>
            </param>
          </params>
          <reporter-output>
          </reporter-output>
        </test-method> <!-- main -->
        <test-method status="PASS" signature="main(drink11.DrinkType, java.lang.String)[pri:0, instance:drink11.TestMain_MltThread@56ac3a89]" name="main" duration-ms="0" started-at="2019-07-30T02:55:07Z" data-provider="testDataProvider" finished-at="2019-07-30T02:55:07Z">
          <params>
            <param index="0">
              <value>
                <![CDATA[BEER]]>
              </value>
            </param>
            <param index="1">
              <value>
                <![CDATA[2 - Sapporo Beer]]>
              </value>
            </param>
          </params>
          <reporter-output>
          </reporter-output>
        </test-method> <!-- main -->
        <test-method status="PASS" signature="main(drink11.DrinkType, java.lang.String)[pri:0, instance:drink11.TestMain_MltThread@56ac3a89]" name="main" duration-ms="0" started-at="2019-07-30T02:55:07Z" data-provider="testDataProvider" finished-at="2019-07-30T02:55:07Z">
          <params>
            <param index="0">
              <value>
                <![CDATA[WINE]]>
              </value>
            </param>
            <param index="1">
              <value>
                <![CDATA[5 - BV Cabernet]]>
              </value>
            </param>
          </params>
          <reporter-output>
          </reporter-output>
        </test-method> <!-- main -->
        <test-method status="PASS" signature="beforeEachTest()[pri:0, instance:drink11.TestMain_MltThread@56ac3a89]" name="beforeEachTest" is-config="true" duration-ms="0" started-at="2019-07-30T02:55:07Z" finished-at="2019-07-30T02:55:07Z">
          <reporter-output>
          </reporter-output>
        </test-method> <!-- beforeEachTest -->
        <test-method status="PASS" signature="afterEachTest()[pri:0, instance:drink11.TestMain_MltThread@56ac3a89]" name="afterEachTest" is-config="true" duration-ms="0" started-at="2019-07-30T02:55:07Z" finished-at="2019-07-30T02:55:07Z">
          <reporter-output>
          </reporter-output>
        </test-method> <!-- afterEachTest -->
        <test-method status="PASS" signature="beforeEachTest()[pri:0, instance:drink11.TestMain_MltThread@56ac3a89]" name="beforeEachTest" is-config="true" duration-ms="0" started-at="2019-07-30T02:55:07Z" finished-at="2019-07-30T02:55:07Z">
          <reporter-output>
          </reporter-output>
        </test-method> <!-- beforeEachTest -->
        <test-method status="PASS" signature="afterEachTest()[pri:0, instance:drink11.TestMain_MltThread@56ac3a89]" name="afterEachTest" is-config="true" duration-ms="0" started-at="2019-07-30T02:55:07Z" finished-at="2019-07-30T02:55:07Z">
          <reporter-output>
          </reporter-output>
        </test-method> <!-- afterEachTest -->
        <test-method status="PASS" signature="afterEachTest()[pri:0, instance:drink11.TestMain_MltThread@56ac3a89]" name="afterEachTest" is-config="true" duration-ms="0" started-at="2019-07-30T02:55:07Z" finished-at="2019-07-30T02:55:07Z">
          <reporter-output>
          </reporter-output>
        </test-method> <!-- afterEachTest -->
        <test-method status="PASS" signature="afterEachTest()[pri:0, instance:drink11.TestMain_MltThread@56ac3a89]" name="afterEachTest" is-config="true" duration-ms="0" started-at="2019-07-30T02:55:07Z" finished-at="2019-07-30T02:55:07Z">
          <reporter-output>
          </reporter-output>
        </test-method> <!-- afterEachTest -->
        <test-method status="PASS" signature="afterEachTest()[pri:0, instance:drink11.TestMain_MltThread@56ac3a89]" name="afterEachTest" is-config="true" duration-ms="0" started-at="2019-07-30T02:55:07Z" finished-at="2019-07-30T02:55:07Z">
          <reporter-output>
          </reporter-output>
        </test-method> <!-- afterEachTest -->
        <test-method status="PASS" signature="afterEachTest()[pri:0, instance:drink11.TestMain_MltThread@56ac3a89]" name="afterEachTest" is-config="true" duration-ms="0" started-at="2019-07-30T02:55:07Z" finished-at="2019-07-30T02:55:07Z">
          <reporter-output>
          </reporter-output>
        </test-method> <!-- afterEachTest -->
        <test-method status="PASS" signature="afterEachTest()[pri:0, instance:drink11.TestMain_MltThread@56ac3a89]" name="afterEachTest" is-config="true" duration-ms="0" started-at="2019-07-30T02:55:07Z" finished-at="2019-07-30T02:55:07Z">
          <reporter-output>
          </reporter-output>
        </test-method> <!-- afterEachTest -->
        <test-method status="PASS" signature="afterEachTest()[pri:0, instance:drink11.TestMain_MltThread@56ac3a89]" name="afterEachTest" is-config="true" duration-ms="0" started-at="2019-07-30T02:55:07Z" finished-at="2019-07-30T02:55:07Z">
          <reporter-output>
          </reporter-output>
        </test-method> <!-- afterEachTest -->
        <test-method status="PASS" signature="afterEachTest()[pri:0, instance:drink11.TestMain_MltThread@56ac3a89]" name="afterEachTest" is-config="true" duration-ms="0" started-at="2019-07-30T02:55:07Z" finished-at="2019-07-30T02:55:07Z">
          <reporter-output>
          </reporter-output>
        </test-method> <!-- afterEachTest -->
        <test-method status="PASS" signature="afterEachTest()[pri:0, instance:drink11.TestMain_MltThread@56ac3a89]" name="afterEachTest" is-config="true" duration-ms="0" started-at="2019-07-30T02:55:07Z" finished-at="2019-07-30T02:55:07Z">
          <reporter-output>
          </reporter-output>
        </test-method> <!-- afterEachTest -->
        <test-method status="PASS" signature="afterEachTest()[pri:0, instance:drink11.TestMain_MltThread@56ac3a89]" name="afterEachTest" is-config="true" duration-ms="0" started-at="2019-07-30T02:55:07Z" finished-at="2019-07-30T02:55:07Z">
          <reporter-output>
          </reporter-output>
        </test-method> <!-- afterEachTest -->
        <test-method status="PASS" signature="beforeEachTest()[pri:0, instance:drink11.TestMain_MltThread@56ac3a89]" name="beforeEachTest" is-config="true" duration-ms="0" started-at="2019-07-30T02:55:07Z" finished-at="2019-07-30T02:55:07Z">
          <reporter-output>
          </reporter-output>
        </test-method> <!-- beforeEachTest -->
        <test-method status="PASS" signature="beforeEachTest()[pri:0, instance:drink11.TestMain_MltThread@56ac3a89]" name="beforeEachTest" is-config="true" duration-ms="0" started-at="2019-07-30T02:55:07Z" finished-at="2019-07-30T02:55:07Z">
          <reporter-output>
          </reporter-output>
        </test-method> <!-- beforeEachTest -->
        <test-method status="PASS" signature="main(drink11.DrinkType, java.lang.String)[pri:0, instance:drink11.TestMain_MltThread@56ac3a89]" name="main" duration-ms="0" started-at="2019-07-30T02:55:07Z" data-provider="testDataProvider" finished-at="2019-07-30T02:55:07Z">
          <params>
            <param index="0">
              <value>
                <![CDATA[WINE]]>
              </value>
            </param>
            <param index="1">
              <value>
                <![CDATA[6 - Vueve Cliquot]]>
              </value>
            </param>
          </params>
          <reporter-output>
          </reporter-output>
        </test-method> <!-- main -->
        <test-method status="PASS" signature="main(drink11.DrinkType, java.lang.String)[pri:0, instance:drink11.TestMain_MltThread@56ac3a89]" name="main" duration-ms="0" started-at="2019-07-30T02:55:07Z" data-provider="testDataProvider" finished-at="2019-07-30T02:55:07Z">
          <params>
            <param index="0">
              <value>
                <![CDATA[WINE]]>
              </value>
            </param>
            <param index="1">
              <value>
                <![CDATA[7 - Coors Lite]]>
              </value>
            </param>
          </params>
          <reporter-output>
          </reporter-output>
        </test-method> <!-- main -->
        <test-method status="PASS" signature="afterEachTest()[pri:0, instance:drink11.TestMain_MltThread@56ac3a89]" name="afterEachTest" is-config="true" duration-ms="0" started-at="2019-07-30T02:55:07Z" finished-at="2019-07-30T02:55:07Z">
          <reporter-output>
          </reporter-output>
        </test-method> <!-- afterEachTest -->
        <test-method status="PASS" signature="afterEachTest()[pri:0, instance:drink11.TestMain_MltThread@56ac3a89]" name="afterEachTest" is-config="true" duration-ms="0" started-at="2019-07-30T02:55:07Z" finished-at="2019-07-30T02:55:07Z">
          <reporter-output>
          </reporter-output>
        </test-method> <!-- afterEachTest -->
        <test-method status="PASS" signature="afterEachTest()[pri:0, instance:drink11.TestMain_MltThread@56ac3a89]" name="afterEachTest" is-config="true" duration-ms="0" started-at="2019-07-30T02:55:07Z" finished-at="2019-07-30T02:55:07Z">
          <reporter-output>
          </reporter-output>
        </test-method> <!-- afterEachTest -->
      </class> <!-- drink11.TestMain_MltThread -->
    </test> <!-- Default test -->
  </suite> <!-- Default suite -->
</testng-results>
