<?xml version="1.0" encoding="UTF-8"?>
<testng-results skipped="0" failed="0" ignored="0" total="1" passed="1">
  <reporter-output>
  </reporter-output>
  <suite name="Default suite" duration-ms="181" started-at="2018-05-23T23:15:54Z" finished-at="2018-05-23T23:15:54Z">
    <groups>
    </groups>
    <test name="Default test" duration-ms="181" started-at="2018-05-23T23:15:54Z" finished-at="2018-05-23T23:15:54Z">
      <class name="MAVENModule.GSONPractice.EtsyJSONDeserialize">
        <test-method status="PASS" signature="deserializeJsonAndGenerateReports()[pri:0, instance:MAVENModule.GSONPractice.EtsyJSONDeserialize@3159c4b8]" name="deserializeJsonAndGenerateReports" duration-ms="134" started-at="2018-05-23T23:15:54Z" finished-at="2018-05-23T23:15:54Z">
          <reporter-output>
          </reporter-output>
        </test-method> <!-- deserializeJsonAndGenerateReports -->
      </class> <!-- MAVENModule.GSONPractice.EtsyJSONDeserialize -->
    </test> <!-- Default test -->
  </suite> <!-- Default suite -->
</testng-results>
