<?xml version="1.0" encoding="UTF-8"?>
<testng-results skipped="0" failed="0" ignored="0" total="4" passed="4">
  <reporter-output>
  </reporter-output>
  <suite name="Default suite" duration-ms="139614" started-at="2019-03-09T04:24:31Z" finished-at="2019-03-09T04:26:51Z">
    <groups>
    </groups>
    <test name="Default test" duration-ms="139614" started-at="2019-03-09T04:24:31Z" finished-at="2019-03-09T04:26:51Z">
      <class name="sff2.GoogleSmokeTest">
        <test-method status="PASS" signature="createWebDriver()[pri:0, instance:sff2.GoogleSmokeTest@4b952a2d]" name="createWebDriver" is-config="true" duration-ms="71889" started-at="2019-03-09T04:24:31Z" finished-at="2019-03-09T04:25:43Z">
          <reporter-output>
          </reporter-output>
        </test-method> <!-- createWebDriver -->
        <test-method status="PASS" signature="createWebDriver()[pri:0, instance:sff2.GoogleSmokeTest@4b952a2d]" name="createWebDriver" is-config="true" duration-ms="71889" started-at="2019-03-09T04:24:31Z" finished-at="2019-03-09T04:25:43Z">
          <reporter-output>
          </reporter-output>
        </test-method> <!-- createWebDriver -->
        <test-method status="PASS" signature="createWebDriver()[pri:0, instance:sff2.GoogleSmokeTest@4b952a2d]" name="createWebDriver" is-config="true" duration-ms="71889" started-at="2019-03-09T04:24:31Z" finished-at="2019-03-09T04:25:43Z">
          <reporter-output>
          </reporter-output>
        </test-method> <!-- createWebDriver -->
        <test-method status="PASS" signature="createWebDriver()[pri:0, instance:sff2.GoogleSmokeTest@4b952a2d]" name="createWebDriver" is-config="true" duration-ms="71889" started-at="2019-03-09T04:24:31Z" finished-at="2019-03-09T04:25:43Z">
          <reporter-output>
          </reporter-output>
        </test-method> <!-- createWebDriver -->
        <test-method status="PASS" signature="googleSmokeTest(java.lang.String)[pri:0, instance:sff2.GoogleSmokeTest@4b952a2d]" name="googleSmokeTest" duration-ms="64188" started-at="2019-03-09T04:25:43Z" data-provider="testdataProvider" finished-at="2019-03-09T04:26:47Z">
          <params>
            <param index="0">
              <value>
                <![CDATA[seahawks]]>
              </value>
            </param>
          </params>
          <reporter-output>
          </reporter-output>
        </test-method> <!-- googleSmokeTest -->
        <test-method status="PASS" signature="googleSmokeTest(java.lang.String)[pri:0, instance:sff2.GoogleSmokeTest@4b952a2d]" name="googleSmokeTest" duration-ms="63540" started-at="2019-03-09T04:25:43Z" data-provider="testdataProvider" finished-at="2019-03-09T04:26:47Z">
          <params>
            <param index="0">
              <value>
                <![CDATA[storm]]>
              </value>
            </param>
          </params>
          <reporter-output>
          </reporter-output>
        </test-method> <!-- googleSmokeTest -->
        <test-method status="PASS" signature="googleSmokeTest(java.lang.String)[pri:0, instance:sff2.GoogleSmokeTest@4b952a2d]" name="googleSmokeTest" duration-ms="66720" started-at="2019-03-09T04:25:43Z" data-provider="testdataProvider" finished-at="2019-03-09T04:26:50Z">
          <params>
            <param index="0">
              <value>
                <![CDATA[sounders]]>
              </value>
            </param>
          </params>
          <reporter-output>
          </reporter-output>
        </test-method> <!-- googleSmokeTest -->
        <test-method status="PASS" signature="googleSmokeTest(java.lang.String)[pri:0, instance:sff2.GoogleSmokeTest@4b952a2d]" name="googleSmokeTest" duration-ms="65935" started-at="2019-03-09T04:25:43Z" data-provider="testdataProvider" finished-at="2019-03-09T04:26:49Z">
          <params>
            <param index="0">
              <value>
                <![CDATA[mariners]]>
              </value>
            </param>
          </params>
          <reporter-output>
          </reporter-output>
        </test-method> <!-- googleSmokeTest -->
        <test-method status="PASS" signature="releaseWebDriver()[pri:0, instance:sff2.GoogleSmokeTest@4b952a2d]" name="releaseWebDriver" is-config="true" duration-ms="2112" started-at="2019-03-09T04:26:47Z" finished-at="2019-03-09T04:26:49Z">
          <reporter-output>
          </reporter-output>
        </test-method> <!-- releaseWebDriver -->
        <test-method status="PASS" signature="releaseWebDriver()[pri:0, instance:sff2.GoogleSmokeTest@4b952a2d]" name="releaseWebDriver" is-config="true" duration-ms="1468" started-at="2019-03-09T04:26:47Z" finished-at="2019-03-09T04:26:49Z">
          <reporter-output>
          </reporter-output>
        </test-method> <!-- releaseWebDriver -->
        <test-method status="PASS" signature="releaseWebDriver()[pri:0, instance:sff2.GoogleSmokeTest@4b952a2d]" name="releaseWebDriver" is-config="true" duration-ms="978" started-at="2019-03-09T04:26:49Z" finished-at="2019-03-09T04:26:50Z">
          <reporter-output>
          </reporter-output>
        </test-method> <!-- releaseWebDriver -->
        <test-method status="PASS" signature="releaseWebDriver()[pri:0, instance:sff2.GoogleSmokeTest@4b952a2d]" name="releaseWebDriver" is-config="true" duration-ms="934" started-at="2019-03-09T04:26:50Z" finished-at="2019-03-09T04:26:51Z">
          <reporter-output>
          </reporter-output>
        </test-method> <!-- releaseWebDriver -->
      </class> <!-- sff2.GoogleSmokeTest -->
    </test> <!-- Default test -->
  </suite> <!-- Default suite -->
</testng-results>
