<?xml version="1.0" encoding="UTF-8"?>
<testng-results skipped="0" failed="0" ignored="0" total="3" passed="3">
  <reporter-output>
  </reporter-output>
  <suite name="Default suite" duration-ms="103593" started-at="2019-08-05T07:12:46Z" finished-at="2019-08-05T07:14:29Z">
    <groups>
    </groups>
    <test name="Default test" duration-ms="103593" started-at="2019-08-05T07:12:46Z" finished-at="2019-08-05T07:14:29Z">
      <class name="sff10.GoogleSmokeTest">
        <test-method status="PASS" signature="createWebDriver()[pri:0, instance:sff10.GoogleSmokeTest@4b952a2d]" name="createWebDriver" is-config="true" duration-ms="14294" started-at="2019-08-05T07:12:46Z" finished-at="2019-08-05T07:13:00Z">
          <reporter-output>
          </reporter-output>
        </test-method> <!-- createWebDriver -->
        <test-method status="PASS" signature="googleSmokeTest(java.lang.String)[pri:0, instance:sff10.GoogleSmokeTest@4b952a2d]" name="googleSmokeTest" duration-ms="32406" started-at="2019-08-05T07:13:00Z" data-provider="testDataProvider" finished-at="2019-08-05T07:13:32Z">
          <params>
            <param index="0">
              <value>
                <![CDATA[seattle storm]]>
              </value>
            </param>
          </params>
          <reporter-output>
          </reporter-output>
        </test-method> <!-- googleSmokeTest -->
        <test-method status="PASS" signature="releaseWebDriver()[pri:0, instance:sff10.GoogleSmokeTest@4b952a2d]" name="releaseWebDriver" is-config="true" duration-ms="871" started-at="2019-08-05T07:13:32Z" finished-at="2019-08-05T07:13:33Z">
          <reporter-output>
          </reporter-output>
        </test-method> <!-- releaseWebDriver -->
        <test-method status="PASS" signature="createWebDriver()[pri:0, instance:sff10.GoogleSmokeTest@4b952a2d]" name="createWebDriver" is-config="true" duration-ms="2277" started-at="2019-08-05T07:13:33Z" finished-at="2019-08-05T07:13:36Z">
          <reporter-output>
          </reporter-output>
        </test-method> <!-- createWebDriver -->
        <test-method status="PASS" signature="googleSmokeTest(java.lang.String)[pri:0, instance:sff10.GoogleSmokeTest@4b952a2d]" name="googleSmokeTest" duration-ms="20156" started-at="2019-08-05T07:13:36Z" data-provider="testDataProvider" finished-at="2019-08-05T07:13:56Z">
          <params>
            <param index="0">
              <value>
                <![CDATA[seattle sounders]]>
              </value>
            </param>
          </params>
          <reporter-output>
          </reporter-output>
        </test-method> <!-- googleSmokeTest -->
        <test-method status="PASS" signature="releaseWebDriver()[pri:0, instance:sff10.GoogleSmokeTest@4b952a2d]" name="releaseWebDriver" is-config="true" duration-ms="758" started-at="2019-08-05T07:13:56Z" finished-at="2019-08-05T07:13:57Z">
          <reporter-output>
          </reporter-output>
        </test-method> <!-- releaseWebDriver -->
        <test-method status="PASS" signature="createWebDriver()[pri:0, instance:sff10.GoogleSmokeTest@4b952a2d]" name="createWebDriver" is-config="true" duration-ms="2325" started-at="2019-08-05T07:13:57Z" finished-at="2019-08-05T07:13:59Z">
          <reporter-output>
          </reporter-output>
        </test-method> <!-- createWebDriver -->
        <test-method status="PASS" signature="googleSmokeTest(java.lang.String)[pri:0, instance:sff10.GoogleSmokeTest@4b952a2d]" name="googleSmokeTest" duration-ms="29676" started-at="2019-08-05T07:13:59Z" data-provider="testDataProvider" finished-at="2019-08-05T07:14:29Z">
          <params>
            <param index="0">
              <value>
                <![CDATA[seattle seahawks]]>
              </value>
            </param>
          </params>
          <reporter-output>
          </reporter-output>
        </test-method> <!-- googleSmokeTest -->
        <test-method status="PASS" signature="releaseWebDriver()[pri:0, instance:sff10.GoogleSmokeTest@4b952a2d]" name="releaseWebDriver" is-config="true" duration-ms="779" started-at="2019-08-05T07:14:29Z" finished-at="2019-08-05T07:14:29Z">
          <reporter-output>
          </reporter-output>
        </test-method> <!-- releaseWebDriver -->
      </class> <!-- sff10.GoogleSmokeTest -->
    </test> <!-- Default test -->
  </suite> <!-- Default suite -->
</testng-results>
