<?xml version="1.0" encoding="UTF-8"?>
<testng-results skipped="0" failed="0" ignored="0" total="3" passed="3">
  <reporter-output>
  </reporter-output>
  <suite name="Command line suite" duration-ms="27080" started-at="2018-04-15T14:11:13Z" finished-at="2018-04-15T14:11:40Z">
    <groups>
    </groups>
    <test name="Command line test" duration-ms="27080" started-at="2018-04-15T14:11:13Z" finished-at="2018-04-15T14:11:40Z">
      <class name="sff1.GoogleSmokeTest">
        <test-method status="PASS" signature="createWebDriver()[pri:0, instance:sff1.GoogleSmokeTest@2ed94a8b]" name="createWebDriver" is-config="true" duration-ms="4704" started-at="2018-04-15T14:11:13Z" finished-at="2018-04-15T14:11:18Z">
          <reporter-output>
          </reporter-output>
        </test-method> <!-- createWebDriver -->
        <test-method status="PASS" signature="test01(java.lang.String)[pri:0, instance:sff1.GoogleSmokeTest@2ed94a8b]" name="test01" duration-ms="5630" started-at="2018-04-15T14:11:18Z" data-provider="getTestData" finished-at="2018-04-15T14:11:24Z">
          <params>
            <param index="0">
              <value>
                <![CDATA[seattle seahawks]]>
              </value>
            </param>
          </params>
          <reporter-output>
          </reporter-output>
        </test-method> <!-- test01 -->
        <test-method status="PASS" signature="releaseWebDriver()[pri:0, instance:sff1.GoogleSmokeTest@2ed94a8b]" name="releaseWebDriver" is-config="true" duration-ms="697" started-at="2018-04-15T14:11:24Z" finished-at="2018-04-15T14:11:24Z">
          <reporter-output>
          </reporter-output>
        </test-method> <!-- releaseWebDriver -->
        <test-method status="PASS" signature="createWebDriver()[pri:0, instance:sff1.GoogleSmokeTest@2ed94a8b]" name="createWebDriver" is-config="true" duration-ms="1969" started-at="2018-04-15T14:11:24Z" finished-at="2018-04-15T14:11:26Z">
          <reporter-output>
          </reporter-output>
        </test-method> <!-- createWebDriver -->
        <test-method status="PASS" signature="test01(java.lang.String)[pri:0, instance:sff1.GoogleSmokeTest@2ed94a8b]" name="test01" duration-ms="5238" started-at="2018-04-15T14:11:26Z" data-provider="getTestData" finished-at="2018-04-15T14:11:32Z">
          <params>
            <param index="0">
              <value>
                <![CDATA[green bay packers]]>
              </value>
            </param>
          </params>
          <reporter-output>
          </reporter-output>
        </test-method> <!-- test01 -->
        <test-method status="PASS" signature="releaseWebDriver()[pri:0, instance:sff1.GoogleSmokeTest@2ed94a8b]" name="releaseWebDriver" is-config="true" duration-ms="683" started-at="2018-04-15T14:11:32Z" finished-at="2018-04-15T14:11:32Z">
          <reporter-output>
          </reporter-output>
        </test-method> <!-- releaseWebDriver -->
        <test-method status="PASS" signature="createWebDriver()[pri:0, instance:sff1.GoogleSmokeTest@2ed94a8b]" name="createWebDriver" is-config="true" duration-ms="2026" started-at="2018-04-15T14:11:32Z" finished-at="2018-04-15T14:11:34Z">
          <reporter-output>
          </reporter-output>
        </test-method> <!-- createWebDriver -->
        <test-method status="PASS" signature="test01(java.lang.String)[pri:0, instance:sff1.GoogleSmokeTest@2ed94a8b]" name="test01" duration-ms="5343" started-at="2018-04-15T14:11:34Z" data-provider="getTestData" finished-at="2018-04-15T14:11:40Z">
          <params>
            <param index="0">
              <value>
                <![CDATA[seattle storm]]>
              </value>
            </param>
          </params>
          <reporter-output>
          </reporter-output>
        </test-method> <!-- test01 -->
        <test-method status="PASS" signature="releaseWebDriver()[pri:0, instance:sff1.GoogleSmokeTest@2ed94a8b]" name="releaseWebDriver" is-config="true" duration-ms="703" started-at="2018-04-15T14:11:40Z" finished-at="2018-04-15T14:11:40Z">
          <reporter-output>
          </reporter-output>
        </test-method> <!-- releaseWebDriver -->
      </class> <!-- sff1.GoogleSmokeTest -->
    </test> <!-- Command line test -->
  </suite> <!-- Command line suite -->
</testng-results>
