<?xml version="1.0" encoding="UTF-8"?>
<testsuite xmlns:xsi="http://www.w3.org/2001/XMLSchema-instance" xsi:noNamespaceSchemaLocation="https://maven.apache.org/surefire/maven-surefire-plugin/xsd/surefire-test-report.xsd" name="TestSuite" time="72.356" tests="4" errors="0" skipped="0" failures="0">
  <properties>
[...]
</properties>
  <testcase name="googleSmokeTest" classname="sff2.GoogleSmokeTest" time="27.269"/>
  <testcase name="googleSmokeTest" classname="sff2.GoogleSmokeTest" time="33.244"/>
  <testcase name="googleSmokeTest" classname="sff2.GoogleSmokeTest" time="34.159"/>
  <testcase name="googleSmokeTest" classname="sff2.GoogleSmokeTest" time="34.438"/>
</testsuite>