<?xml version="1.0" encoding="UTF-8"?>
<!-- Generated by org.testng.reporters.JUnitXMLReporter -->
<testsuite ignored="0" hostname="LAPTOP-MTFJEHHC" failures="0" tests="3" name="Default test" time="26.204" errors="0" timestamp="08 Apr 2018 10:45:24 GMT">
  <testcase classname="com.jira.JIRACreateIssueSmokeTest" name="createIssue" time="26.047"/>
  <testcase classname="com.jira.JIRACreateIssueSmokeTest" name="createIssue" time="26.095"/>
  <testcase classname="com.jira.JIRACreateIssueSmokeTest" name="createIssue" time="26.157"/>
</testsuite> <!-- Default test -->
