<?xml version="1.0" encoding="UTF-8"?>
<!-- Generated by org.testng.reporters.JUnitXMLReporter -->
<testsuite hostname="LAPTOP-MTFJEHHC" ignored="3" name="Default test" tests="1" failures="0" timestamp="01 Mar 2019 07:30:06 GMT" time="3.6" errors="0">
  <testcase name="GetWeatherDetailsResponse" time="3.56" classname="toolsqa.RestAssuredTestingTutorial"/>
  <testcase name="GetWeatherStatusLine" time="0.0" classname="toolsqa.RestAssuredTestingTutorial">
    <ignored/>
  </testcase> <!-- GetWeatherStatusLine -->
  <testcase name="GetWeatherDetailsInvalidCity" time="0.0" classname="toolsqa.RestAssuredTestingTutorial">
    <ignored/>
  </testcase> <!-- GetWeatherDetailsInvalidCity -->
  <testcase name="GetWeatherDetails" time="0.0" classname="toolsqa.RestAssuredTestingTutorial">
    <ignored/>
  </testcase> <!-- GetWeatherDetails -->
</testsuite> <!-- Default test -->
