<?xml version="1.0" encoding="UTF-8"?>
<!-- Generated by org.testng.reporters.JUnitXMLReporter -->
<testsuite hostname="LAPTOP-MTFJEHHC" ignored="0" name="Default test" tests="4" failures="0" timestamp="10 Jun 2018 23:09:38 GMT" time="4.729" errors="0">
  <testcase name="GetWeatherDetails" time="3.099" classname="toolsqa.RestAssuredTestingTutorial"/>
  <testcase name="GetWeatherDetailsInvalidCity" time="0.516" classname="toolsqa.RestAssuredTestingTutorial"/>
  <testcase name="GetWeatherDetailsResponse" time="0.551" classname="toolsqa.RestAssuredTestingTutorial"/>
  <testcase name="GetWeatherStatusLine" time="0.524" classname="toolsqa.RestAssuredTestingTutorial"/>
</testsuite> <!-- Default test -->
