<?xml version="1.0" encoding="UTF-8"?>
<!-- Generated by org.testng.reporters.JUnitXMLReporter -->
<testsuite hostname="LAPTOP-MTFJEHHC" ignored="0" name="Default test" tests="3" failures="0" timestamp="01 May 2019 07:22:56 GMT" time="0.151" errors="0">
  <testcase name="addGlassToTray" time="0.08" classname="test8_unitTest.TrayTest"/>
  <testcase name="browseTrayAfterAddingGlass" time="0.005" classname="test8_unitTest.TrayTest"/>
  <testcase name="browseTrayAfterRemovineGlass" time="0.005" classname="test8_unitTest.TrayTest"/>
</testsuite> <!-- Default test -->
