<?xml version="1.0" encoding="UTF-8"?>
<!-- Generated by org.testng.reporters.JUnitXMLReporter -->
<testsuite hostname="LAPTOP-MTFJEHHC" ignored="0" name="Smoke tests" tests="3" failures="0" timestamp="16 Apr 2018 08:03:59 GMT" time="41.226" errors="0">
  <testcase name="googleSmokeTest" time="19.627" classname="sff2.GoogleSmokeTest"/>
  <testcase name="googleSmokeTest" time="19.632" classname="sff2.GoogleSmokeTest"/>
  <testcase name="googleSmokeTest" time="20.34" classname="sff2.GoogleSmokeTest"/>
</testsuite> <!-- Smoke tests -->
