<?xml version="1.0" encoding="UTF-8"?>
<!-- Generated by org.testng.reporters.JUnitXMLReporter -->
<testsuite hostname="LAPTOP-MTFJEHHC" ignored="0" name="Smoke tests" tests="4" failures="0" timestamp="01 Mar 2019 08:15:46 GMT" time="69.726" errors="0">
  <testcase name="googleSmokeTest" time="26.854" classname="sff2.GoogleSmokeTest"/>
  <testcase name="googleSmokeTest" time="33.245" classname="sff2.GoogleSmokeTest"/>
  <testcase name="googleSmokeTest" time="34.161" classname="sff2.GoogleSmokeTest"/>
  <testcase name="googleSmokeTest" time="34.438" classname="sff2.GoogleSmokeTest"/>
</testsuite> <!-- Smoke tests -->
