<?xml version="1.0" encoding="UTF-8"?>
<testng-results skipped="0" failed="0" ignored="0" total="1" passed="1">
  <reporter-output>
  </reporter-output>
  <suite name="JavaPractice test suite" duration-ms="59" started-at="2018-04-16T09:08:02Z" finished-at="2018-04-16T09:08:02Z">
    <groups>
    </groups>
    <test name="Smoke tests" duration-ms="59" started-at="2018-04-16T09:08:02Z" finished-at="2018-04-16T09:08:02Z">
      <class name="MAVENModule.GSONPractice.JavaToJson1">
        <test-method status="PASS" signature="test01()[pri:0, instance:MAVENModule.GSONPractice.JavaToJson1@327471b5]" name="test01" duration-ms="11" started-at="2018-04-16T09:08:02Z" finished-at="2018-04-16T09:08:02Z">
          <reporter-output>
          </reporter-output>
        </test-method> <!-- test01 -->
      </class> <!-- MAVENModule.GSONPractice.JavaToJson1 -->
    </test> <!-- Smoke tests -->
  </suite> <!-- JavaPractice test suite -->
</testng-results>
