<?xml version="1.0" encoding="UTF-8"?>
<testng-results skipped="0" failed="0" ignored="0" total="1" passed="1">
  <reporter-output>
  </reporter-output>
  <suite name="JavaPractice test suite" duration-ms="642" started-at="2018-05-03T10:21:30Z" finished-at="2018-05-03T10:21:30Z">
    <groups>
    </groups>
    <test name="Smoke tests" duration-ms="642" started-at="2018-05-03T10:21:30Z" finished-at="2018-05-03T10:21:30Z">
      <class name="MAVENModule.GSONPractice.EtsyJSONDeserialize">
        <test-method status="PASS" signature="deserializeJson()[pri:0, instance:MAVENModule.GSONPractice.EtsyJSONDeserialize@402f32ff]" name="deserializeJson" duration-ms="581" started-at="2018-05-03T10:21:30Z" finished-at="2018-05-03T10:21:30Z">
          <reporter-output>
          </reporter-output>
        </test-method> <!-- deserializeJson -->
      </class> <!-- MAVENModule.GSONPractice.EtsyJSONDeserialize -->
    </test> <!-- Smoke tests -->
  </suite> <!-- JavaPractice test suite -->
</testng-results>
