<?xml version="1.0" encoding="UTF-8"?>
<testng-results ignored="0" total="3" passed="3" failed="0" skipped="0">
  <reporter-output>
  </reporter-output>
  <suite started-at="2018-04-08T10:44:58Z" name="Default suite" finished-at="2018-04-08T10:45:24Z" duration-ms="26204">
    <groups>
    </groups>
    <test started-at="2018-04-08T10:44:58Z" name="Default test" finished-at="2018-04-08T10:45:24Z" duration-ms="26204">
      <class name="com.jira.JIRACreateIssueSmokeTest">
        <test-method signature="createIssue(java.lang.String)[pri:0, instance:com.jira.JIRACreateIssueSmokeTest@26b3fd41]" started-at="2018-04-08T03:44:58Z" name="createIssue" data-provider="dataProvider" finished-at="2018-04-08T03:45:24Z" duration-ms="26157" status="PASS">
          <params>
            <param index="0">
              <value>
                <![CDATA[...second test...]]>
              </value>
            </param>
          </params>
          <reporter-output>
          </reporter-output>
        </test-method> <!-- createIssue -->
        <test-method signature="createIssue(java.lang.String)[pri:0, instance:com.jira.JIRACreateIssueSmokeTest@26b3fd41]" started-at="2018-04-08T03:44:58Z" name="createIssue" data-provider="dataProvider" finished-at="2018-04-08T03:45:24Z" duration-ms="26047" status="PASS">
          <params>
            <param index="0">
              <value>
                <![CDATA[...third test...]]>
              </value>
            </param>
          </params>
          <reporter-output>
          </reporter-output>
        </test-method> <!-- createIssue -->
        <test-method signature="createIssue(java.lang.String)[pri:0, instance:com.jira.JIRACreateIssueSmokeTest@26b3fd41]" started-at="2018-04-08T03:44:58Z" name="createIssue" data-provider="dataProvider" finished-at="2018-04-08T03:45:24Z" duration-ms="26095" status="PASS">
          <params>
            <param index="0">
              <value>
                <![CDATA[...first test...]]>
              </value>
            </param>
          </params>
          <reporter-output>
          </reporter-output>
        </test-method> <!-- createIssue -->
      </class> <!-- com.jira.JIRACreateIssueSmokeTest -->
    </test> <!-- Default test -->
  </suite> <!-- Default suite -->
</testng-results>
