<?xml version="1.0" encoding="UTF-8"?>
<!-- Generated by org.testng.reporters.JUnitXMLReporter -->
<testsuite hostname="LAPTOP-MTFJEHHC" ignored="0" name="Command line test" tests="3" failures="0" timestamp="15 Apr 2018 14:11:40 GMT" time="27.08" errors="0">
  <testcase name="test01" time="5.63" classname="sff1.GoogleSmokeTest"/>
  <testcase name="test01" time="5.238" classname="sff1.GoogleSmokeTest"/>
  <testcase name="test01" time="5.343" classname="sff1.GoogleSmokeTest"/>
</testsuite> <!-- Command line test -->
