<?xml version="1.0" encoding="UTF-8"?>
<!-- Generated by org.testng.reporters.JUnitXMLReporter -->
<testsuite hostname="LAPTOP-MTFJEHHC" ignored="0" name="Command line test" tests="3" failures="0" timestamp="16 Apr 2018 06:18:03 GMT" time="53.38" errors="0">
  <testcase name="test01" time="9.216" classname="sff1.GoogleSmokeTest"/>
  <testcase name="test01" time="5.821" classname="sff1.GoogleSmokeTest"/>
  <testcase name="test01" time="8.962" classname="sff1.GoogleSmokeTest"/>
</testsuite> <!-- Command line test -->
