<?xml version="1.0" encoding="UTF-8"?>
<!-- Generated by org.testng.reporters.JUnitXMLReporter -->
<testsuite hostname="LAPTOP-MTFJEHHC" ignored="0" name="JSON tests" tests="2" failures="0" timestamp="06 May 2018 07:31:25 GMT" time="3.853" errors="0">
  <testcase name="getFavoritesList" time="3.253" classname="APIAutomation.IORestAssuredBuild._GET.GetFavorites"/>
  <testcase name="verifyTweetForUserTimeline" time="0.525" classname="APIAutomation.IORestAssuredBuild._GET.GetTweets"/>
</testsuite> <!-- JSON tests -->
