<?xml version="1.0" encoding="UTF-8"?>
<testng-results skipped="0" failed="0" ignored="0" total="1" passed="1">
  <reporter-output>
  </reporter-output>
  <suite name="Default suite" duration-ms="1484" started-at="2019-03-01T07:27:04Z" finished-at="2019-03-01T07:27:05Z">
    <groups>
    </groups>
    <test name="Default test" duration-ms="1484" started-at="2019-03-01T07:27:04Z" finished-at="2019-03-01T07:27:05Z">
      <class name="MAVENModule.path.json.JsonPathWith.JSON_With_Twitter_Error">
        <test-method status="PASS" signature="createAndParseJsonErrorData()[pri:0, instance:MAVENModule.path.json.JsonPathWith.JSON_With_Twitter_Error@4bec1f0c]" name="createAndParseJsonErrorData" duration-ms="1349" started-at="2019-03-01T07:27:04Z" finished-at="2019-03-01T07:27:05Z">
          <reporter-output>
          </reporter-output>
        </test-method> <!-- createAndParseJsonErrorData -->
      </class> <!-- MAVENModule.path.json.JsonPathWith.JSON_With_Twitter_Error -->
    </test> <!-- Default test -->
  </suite> <!-- Default suite -->
</testng-results>
