<?xml version="1.0" encoding="UTF-8"?>
<testng-results skipped="0" failed="0" ignored="0" total="1" passed="1">
  <reporter-output>
  </reporter-output>
  <suite name="Default suite" duration-ms="45" started-at="2018-04-16T05:33:10Z" finished-at="2018-04-16T05:33:10Z">
    <groups>
    </groups>
    <test name="Default test" duration-ms="45" started-at="2018-04-16T05:33:10Z" finished-at="2018-04-16T05:33:10Z">
      <class name="MAVENModule.JavaPractice.HelloWorld">
        <test-method status="PASS" signature="hello()[pri:0, instance:MAVENModule.JavaPractice.HelloWorld@215be6bb]" name="hello" duration-ms="12" started-at="2018-04-16T05:33:10Z" finished-at="2018-04-16T05:33:10Z">
          <reporter-output>
          </reporter-output>
        </test-method> <!-- hello -->
      </class> <!-- MAVENModule.JavaPractice.HelloWorld -->
    </test> <!-- Default test -->
  </suite> <!-- Default suite -->
</testng-results>
