<?xml version="1.0" encoding="UTF-8"?>
<!-- Generated by org.testng.reporters.JUnitXMLReporter -->
<testsuite hostname="LAPTOP-MTFJEHHC" ignored="0" name="Default test" tests="3" failures="0" timestamp="04 Jun 2019 07:13:05 GMT" time="41.889" errors="0">
  <testcase name="googleSmokeTest" time="22.905" classname="sff7.GoogleSmokeTest"/>
  <testcase name="googleSmokeTest" time="30.996" classname="sff7.GoogleSmokeTest"/>
  <testcase name="googleSmokeTest" time="25.577" classname="sff7.GoogleSmokeTest"/>
</testsuite> <!-- Default test -->
