<?xml version="1.0" encoding="UTF-8"?>
<!-- Generated by org.testng.reporters.JUnitXMLReporter -->
<testsuite hostname="LAPTOP-MTFJEHHC" ignored="0" name="Default test" tests="4" failures="0" timestamp="21 May 2019 06:18:47 GMT" time="26.779" errors="0">
  <testcase name="htSeleniumQAdemo" time="16.076" classname="sff5.GoogleSmokeTest"/>
  <testcase name="htSeleniumQAdemo" time="16.631" classname="sff5.GoogleSmokeTest"/>
  <testcase name="htSeleniumQAdemo" time="17.752" classname="sff5.GoogleSmokeTest"/>
  <testcase name="htSeleniumQAdemo" time="18.817" classname="sff5.GoogleSmokeTest"/>
</testsuite> <!-- Default test -->
